  [1m[35m (703.2ms)[0m  [1m[35mCREATE TABLE `schema_migrations` (`version` varchar(255) PRIMARY KEY) ENGINE=InnoDB[0m
  [1m[35m (522.7ms)[0m  [1m[35mCREATE TABLE `ar_internal_metadata` (`key` varchar(255) PRIMARY KEY, `value` varchar(255), `created_at` datetime NOT NULL, `updated_at` datetime NOT NULL) ENGINE=InnoDB[0m
  [1m[35m (0.0ms)[0m  [1m[34mSELECT DATABASE() as db[0m
  [1m[35m (15.6ms)[0m  [1m[34mSELECT GET_LOCK('6301756227577528200', 0);[0m
  [1m[36mActiveRecord::SchemaMigration Load (0.0ms)[0m  [1m[34mSELECT `schema_migrations`.* FROM `schema_migrations`[0m
Migrating to CreateUsers (20170501213114)
  [1m[35m (531.3ms)[0m  [1m[35mCREATE TABLE `users` (`id` int AUTO_INCREMENT PRIMARY KEY, `password` varchar(255), `username` varchar(255), `created_at` datetime NOT NULL, `updated_at` datetime NOT NULL) ENGINE=InnoDB[0m
  [1m[35m (0.0ms)[0m  [1m[35mBEGIN[0m
  [1m[35mSQL (15.6ms)[0m  [1m[32mINSERT INTO `schema_migrations` (`version`) VALUES ('20170501213114')[0m
  [1m[35m (62.5ms)[0m  [1m[35mCOMMIT[0m
  [1m[36mActiveRecord::InternalMetadata Load (31.3ms)[0m  [1m[34mSELECT  `ar_internal_metadata`.* FROM `ar_internal_metadata` WHERE `ar_internal_metadata`.`key` = 'environment' LIMIT 1[0m
  [1m[35m (0.0ms)[0m  [1m[35mBEGIN[0m
  [1m[35mSQL (46.9ms)[0m  [1m[32mINSERT INTO `ar_internal_metadata` (`key`, `value`, `created_at`, `updated_at`) VALUES ('environment', 'development', '2017-05-01 21:37:33', '2017-05-01 21:37:33')[0m
  [1m[35m (156.3ms)[0m  [1m[35mCOMMIT[0m
  [1m[35m (0.0ms)[0m  [1m[34mSELECT RELEASE_LOCK('6301756227577528200')[0m
  [1m[36mActiveRecord::SchemaMigration Load (0.0ms)[0m  [1m[34mSELECT `schema_migrations`.* FROM `schema_migrations`[0m
  [1m[35m (0.0ms)[0m  [1m[35mSHOW CREATE TABLE `users`[0m
  [1m[35m (0.0ms)[0m  [1m[35mSHOW TABLE STATUS LIKE 'users'[0m
Started GET "/" for 127.0.0.1 at 2017-05-01 16:38:31 -0500
  [1m[36mActiveRecord::SchemaMigration Load (2.0ms)[0m  [1m[34mSELECT `schema_migrations`.* FROM `schema_migrations`[0m
Processing by Rails::WelcomeController#index as HTML
  Parameters: {"internal"=>true}
  Rendering c:/RailsInstaller/Ruby2.3.0/lib/ruby/gems/2.3.0/gems/railties-5.0.2/lib/rails/templates/rails/welcome/index.html.erb
  Rendered c:/RailsInstaller/Ruby2.3.0/lib/ruby/gems/2.3.0/gems/railties-5.0.2/lib/rails/templates/rails/welcome/index.html.erb (68.7ms)
Completed 200 OK in 834ms (Views: 323.7ms | ActiveRecord: 0.0ms)


Started GET "/" for 127.0.0.1 at 2017-05-01 16:38:33 -0500
Processing by Rails::WelcomeController#index as HTML
  Parameters: {"internal"=>true}
  Rendering c:/RailsInstaller/Ruby2.3.0/lib/ruby/gems/2.3.0/gems/railties-5.0.2/lib/rails/templates/rails/welcome/index.html.erb
  Rendered c:/RailsInstaller/Ruby2.3.0/lib/ruby/gems/2.3.0/gems/railties-5.0.2/lib/rails/templates/rails/welcome/index.html.erb (6.0ms)
Completed 200 OK in 123ms (Views: 63.3ms | ActiveRecord: 0.0ms)


Started GET "/" for ::1 at 2017-05-01 16:39:50 -0500
Processing by Rails::WelcomeController#index as HTML
  Parameters: {"internal"=>true}
  Rendering c:/RailsInstaller/Ruby2.3.0/lib/ruby/gems/2.3.0/gems/railties-5.0.2/lib/rails/templates/rails/welcome/index.html.erb
  Rendered c:/RailsInstaller/Ruby2.3.0/lib/ruby/gems/2.3.0/gems/railties-5.0.2/lib/rails/templates/rails/welcome/index.html.erb (4.0ms)
Completed 200 OK in 92ms (Views: 46.3ms | ActiveRecord: 0.0ms)


Started GET "/users" for ::1 at 2017-05-01 16:40:57 -0500
Processing by UsersController#index as HTML
  Rendering users/index.html.erb within layouts/application
  [1m[36mUser Load (2.0ms)[0m  [1m[34mSELECT `users`.* FROM `users`[0m
  Rendered users/index.html.erb within layouts/application (83.7ms)
Completed 200 OK in 6833ms (Views: 6670.4ms | ActiveRecord: 3.0ms)


Started GET "/users/new" for ::1 at 2017-05-01 16:41:31 -0500
Processing by UsersController#new as HTML
  Rendering users/new.html.erb within layouts/application
  Rendered users/_form.html.erb (262.6ms)
  Rendered users/new.html.erb within layouts/application (305.1ms)
Completed 200 OK in 565ms (Views: 502.4ms | ActiveRecord: 3.5ms)


Started POST "/users" for ::1 at 2017-05-01 16:41:59 -0500
Processing by UsersController#create as HTML
  Parameters: {"utf8"=>"✓", "authenticity_token"=>"1Yuz8pa4dJqGzQcgLtBwPpbIF8J30z07b+nkejKt+H+CX8kQklnm3AgFEocGv5dB7+HHvUZ063Q7DVxp77m2GQ==", "user"=>{"password"=>"[FILTERED]", "username"=>"dhruuv"}, "commit"=>"Create User"}
  [1m[35m (0.0ms)[0m  [1m[35mBEGIN[0m
  [1m[35mSQL (11.1ms)[0m  [1m[32mINSERT INTO `users` (`password`, `username`, `created_at`, `updated_at`) VALUES ('abcde', 'dhruuv', '2017-05-01 21:41:59', '2017-05-01 21:41:59')[0m
  [1m[35m (53.7ms)[0m  [1m[35mCOMMIT[0m
Redirected to http://localhost:3000/users/1
Completed 302 Found in 79ms (ActiveRecord: 64.9ms)


Started GET "/users/1" for ::1 at 2017-05-01 16:42:00 -0500
Processing by UsersController#show as HTML
  Parameters: {"id"=>"1"}
  [1m[36mUser Load (0.0ms)[0m  [1m[34mSELECT  `users`.* FROM `users` WHERE `users`.`id` = 1 LIMIT 1[0m
  Rendering users/show.html.erb within layouts/application
  Rendered users/show.html.erb within layouts/application (1.0ms)
Completed 200 OK in 267ms (Views: 193.5ms | ActiveRecord: 0.0ms)


Started GET "/users" for ::1 at 2017-05-01 16:42:16 -0500
Processing by UsersController#index as HTML
  Rendering users/index.html.erb within layouts/application
  [1m[36mUser Load (2.5ms)[0m  [1m[34mSELECT `users`.* FROM `users`[0m
  Rendered users/index.html.erb within layouts/application (6.5ms)
Completed 200 OK in 231ms (Views: 193.4ms | ActiveRecord: 2.5ms)


Started GET "/users/1/edit" for ::1 at 2017-05-01 16:42:23 -0500
Processing by UsersController#edit as HTML
  Parameters: {"id"=>"1"}
  [1m[36mUser Load (0.5ms)[0m  [1m[34mSELECT  `users`.* FROM `users` WHERE `users`.`id` = 1 LIMIT 1[0m
  Rendering users/edit.html.erb within layouts/application
  Rendered users/_form.html.erb (2.5ms)
  Rendered users/edit.html.erb within layouts/application (33.5ms)
Completed 200 OK in 253ms (Views: 207.8ms | ActiveRecord: 0.5ms)


Started GET "/users" for ::1 at 2017-05-01 16:42:44 -0500
Processing by UsersController#index as HTML
  Rendering users/index.html.erb within layouts/application
  [1m[36mUser Load (0.5ms)[0m  [1m[34mSELECT `users`.* FROM `users`[0m
  Rendered users/index.html.erb within layouts/application (3.5ms)
Completed 200 OK in 230ms (Views: 185.5ms | ActiveRecord: 0.5ms)


Started GET "/users/1" for ::1 at 2017-05-01 16:42:46 -0500
Processing by UsersController#show as HTML
  Parameters: {"id"=>"1"}
  [1m[36mUser Load (1.0ms)[0m  [1m[34mSELECT  `users`.* FROM `users` WHERE `users`.`id` = 1 LIMIT 1[0m
  Rendering users/show.html.erb within layouts/application
  Rendered users/show.html.erb within layouts/application (1.5ms)
Completed 200 OK in 196ms (Views: 159.1ms | ActiveRecord: 1.0ms)


Started GET "/users" for ::1 at 2017-05-01 16:42:50 -0500
Processing by UsersController#index as HTML
  Rendering users/index.html.erb within layouts/application
  [1m[36mUser Load (0.5ms)[0m  [1m[34mSELECT `users`.* FROM `users`[0m
  Rendered users/index.html.erb within layouts/application (3.0ms)
Completed 200 OK in 243ms (Views: 205.3ms | ActiveRecord: 0.5ms)


Started GET "/" for ::1 at 2017-05-01 16:45:32 -0500
Processing by UsersController#index as HTML
  Rendering users/index.html.erb within layouts/application
  [1m[36mUser Load (1.0ms)[0m  [1m[34mSELECT `users`.* FROM `users`[0m
  Rendered users/index.html.erb within layouts/application (14.0ms)
Completed 200 OK in 236ms (Views: 192.1ms | ActiveRecord: 4.0ms)


Started GET "/users/1" for ::1 at 2017-05-01 17:57:13 -0500
Processing by UsersController#show as HTML
  Parameters: {"id"=>"1"}
  [1m[36mUser Load (0.0ms)[0m  [1m[34mSELECT  `users`.* FROM `users` WHERE `users`.`id` = 1 LIMIT 1[0m
  Rendering users/show.html.erb within layouts/application
  Rendered users/show.html.erb within layouts/application (0.0ms)
Completed 200 OK in 219ms (Views: 177.4ms | ActiveRecord: 0.0ms)


Started GET "/" for ::1 at 2017-05-03 12:59:39 -0500
  [1m[36mActiveRecord::SchemaMigration Load (8.0ms)[0m  [1m[34mSELECT `schema_migrations`.* FROM `schema_migrations`[0m
Processing by UsersController#index as HTML
  Rendering users/index.html.erb within layouts/application
  [1m[36mUser Load (4.0ms)[0m  [1m[34mSELECT `users`.* FROM `users`[0m
  Rendered users/index.html.erb within layouts/application (80.0ms)
Completed 200 OK in 2341ms (Views: 2103.6ms | ActiveRecord: 8.0ms)


Started GET "/users/new" for ::1 at 2017-05-03 13:00:11 -0500
Processing by UsersController#new as HTML
  Rendering users/new.html.erb within layouts/application
  Rendered users/_form.html.erb (325.0ms)
  Rendered users/new.html.erb within layouts/application (387.5ms)
Completed 200 OK in 719ms (Views: 662.1ms | ActiveRecord: 0.0ms)


Started POST "/users" for ::1 at 2017-05-03 13:00:24 -0500
Processing by UsersController#create as HTML
  Parameters: {"utf8"=>"✓", "authenticity_token"=>"K/HKTMzq61EoooczNcflTRV8Dl6XvNTiUyuCsQ4X67F8JbCuyAt5F6ZqkpQdqAIybFXeIaYbAq0Hzzqi0wOl1w==", "user"=>{"password"=>"[FILTERED]", "username"=>"abcde"}, "commit"=>"Create User"}
  [1m[35m (0.0ms)[0m  [1m[35mBEGIN[0m
  [1m[35mSQL (20.1ms)[0m  [1m[32mINSERT INTO `users` (`password`, `username`, `created_at`, `updated_at`) VALUES ('123456', 'abcde', '2017-05-03 18:00:24', '2017-05-03 18:00:24')[0m
  [1m[35m (67.4ms)[0m  [1m[35mCOMMIT[0m
Redirected to http://localhost:3000/users/2
Completed 302 Found in 119ms (ActiveRecord: 87.4ms)


Started GET "/users/2" for ::1 at 2017-05-03 13:00:25 -0500
Processing by UsersController#show as HTML
  Parameters: {"id"=>"2"}
  [1m[36mUser Load (0.0ms)[0m  [1m[34mSELECT  `users`.* FROM `users` WHERE `users`.`id` = 2 LIMIT 1[0m
  Rendering users/show.html.erb within layouts/application
  Rendered users/show.html.erb within layouts/application (0.0ms)
Completed 200 OK in 300ms (Views: 212.3ms | ActiveRecord: 0.0ms)


Started GET "/users" for ::1 at 2017-05-03 13:01:42 -0500
Processing by UsersController#index as HTML
  Rendering users/index.html.erb within layouts/application
  [1m[36mUser Load (0.0ms)[0m  [1m[34mSELECT `users`.* FROM `users`[0m
  Rendered users/index.html.erb within layouts/application (0.0ms)
Completed 200 OK in 180ms (Views: 156.9ms | ActiveRecord: 0.0ms)


Started GET "/users/1" for ::1 at 2017-05-03 13:01:59 -0500
Processing by UsersController#show as HTML
  Parameters: {"id"=>"1"}
  [1m[36mUser Load (0.0ms)[0m  [1m[34mSELECT  `users`.* FROM `users` WHERE `users`.`id` = 1 LIMIT 1[0m
  Rendering users/show.html.erb within layouts/application
  Rendered users/show.html.erb within layouts/application (0.0ms)
Completed 200 OK in 201ms (Views: 161.9ms | ActiveRecord: 0.0ms)


Started GET "/users" for ::1 at 2017-05-03 13:02:05 -0500
Processing by UsersController#index as HTML
  Rendering users/index.html.erb within layouts/application
  [1m[36mUser Load (0.0ms)[0m  [1m[34mSELECT `users`.* FROM `users`[0m
  Rendered users/index.html.erb within layouts/application (0.0ms)
Completed 200 OK in 204ms (Views: 175.3ms | ActiveRecord: 0.0ms)


  [1m[35m (0.0ms)[0m  [1m[34mSELECT DATABASE() as db[0m
  [1m[35m (0.0ms)[0m  [1m[34mSELECT GET_LOCK('6301756227577528200', 0);[0m
  [1m[36mActiveRecord::SchemaMigration Load (0.0ms)[0m  [1m[34mSELECT `schema_migrations`.* FROM `schema_migrations`[0m
Migrating to CreatePosts (20170503182039)
  [1m[35m (375.1ms)[0m  [1m[35mCREATE TABLE `posts` (`id` int AUTO_INCREMENT PRIMARY KEY, `title` varchar(255), `image` varchar(255), `category` varchar(255), `user_id` int, `created_at` datetime NOT NULL, `updated_at` datetime NOT NULL) ENGINE=InnoDB[0m
  [1m[35m (0.0ms)[0m  [1m[35mBEGIN[0m
  [1m[35mSQL (15.5ms)[0m  [1m[32mINSERT INTO `schema_migrations` (`version`) VALUES ('20170503182039')[0m
  [1m[35m (78.1ms)[0m  [1m[35mCOMMIT[0m
  [1m[36mActiveRecord::InternalMetadata Load (0.0ms)[0m  [1m[34mSELECT  `ar_internal_metadata`.* FROM `ar_internal_metadata` WHERE `ar_internal_metadata`.`key` = 'environment' LIMIT 1[0m
  [1m[35m (0.0ms)[0m  [1m[35mBEGIN[0m
  [1m[35m (0.0ms)[0m  [1m[35mCOMMIT[0m
  [1m[35m (0.0ms)[0m  [1m[34mSELECT RELEASE_LOCK('6301756227577528200')[0m
  [1m[36mActiveRecord::SchemaMigration Load (0.0ms)[0m  [1m[34mSELECT `schema_migrations`.* FROM `schema_migrations`[0m
  [1m[35m (0.0ms)[0m  [1m[35mSHOW CREATE TABLE `posts`[0m
  [1m[35m (0.0ms)[0m  [1m[35mSHOW TABLE STATUS LIKE 'posts'[0m
  [1m[35m (0.0ms)[0m  [1m[35mSHOW CREATE TABLE `users`[0m
  [1m[35m (0.0ms)[0m  [1m[35mSHOW TABLE STATUS LIKE 'users'[0m
Started GET "/posts" for ::1 at 2017-05-03 13:23:43 -0500
  [1m[36mActiveRecord::SchemaMigration Load (4.0ms)[0m  [1m[34mSELECT `schema_migrations`.* FROM `schema_migrations`[0m
Processing by PostsController#index as HTML
  Rendering posts/index.html.erb within layouts/application
  [1m[36mPost Load (4.0ms)[0m  [1m[34mSELECT `posts`.* FROM `posts`[0m
  Rendered posts/index.html.erb within layouts/application (20.0ms)
Completed 200 OK in 1512ms (Views: 1418.9ms | ActiveRecord: 4.0ms)


Started GET "/posts" for ::1 at 2017-05-03 13:25:15 -0500
Processing by PostsController#index as HTML
  Rendering posts/index.html.erb within layouts/application
  [1m[36mPost Load (0.0ms)[0m  [1m[34mSELECT `posts`.* FROM `posts`[0m
  Rendered posts/index.html.erb within layouts/application (4.0ms)
Completed 200 OK in 172ms (Views: 122.6ms | ActiveRecord: 0.0ms)


Started GET "/posts/new" for ::1 at 2017-05-03 13:25:18 -0500
Processing by PostsController#new as HTML
  Rendering posts/new.html.erb within layouts/application
  Rendered posts/_form.html.erb (88.0ms)
  Rendered posts/new.html.erb within layouts/application (124.0ms)
Completed 200 OK in 276ms (Views: 232.1ms | ActiveRecord: 4.0ms)


Started GET "/posts" for ::1 at 2017-05-03 13:25:27 -0500
Processing by PostsController#index as HTML
  Rendering posts/index.html.erb within layouts/application
  [1m[36mPost Load (0.0ms)[0m  [1m[34mSELECT `posts`.* FROM `posts`[0m
  Rendered posts/index.html.erb within layouts/application (0.0ms)
Completed 200 OK in 176ms (Views: 129.7ms | ActiveRecord: 0.0ms)


Started GET "/posts/new" for ::1 at 2017-05-03 13:25:35 -0500
Processing by PostsController#new as HTML
  Rendering posts/new.html.erb within layouts/application
  Rendered posts/_form.html.erb (4.0ms)
  Rendered posts/new.html.erb within layouts/application (40.0ms)
Completed 200 OK in 188ms (Views: 149.4ms | ActiveRecord: 0.0ms)


Started GET "/posts/new" for ::1 at 2017-05-03 13:26:51 -0500
Processing by PostsController#new as HTML
  Rendering posts/new.html.erb within layouts/application
  Rendered posts/_form.html.erb (56.0ms)
  Rendered posts/new.html.erb within layouts/application (88.0ms)
Completed 200 OK in 228ms (Views: 184.4ms | ActiveRecord: 0.0ms)


Started GET "/users" for ::1 at 2017-05-03 13:33:46 -0500
Processing by UsersController#index as HTML
  Rendering users/index.html.erb within layouts/application
  [1m[36mUser Load (0.0ms)[0m  [1m[34mSELECT `users`.* FROM `users`[0m
  Rendered users/index.html.erb within layouts/application (13.5ms)
Completed 200 OK in 159ms (Views: 112.7ms | ActiveRecord: 4.0ms)


Started GET "/users/new" for ::1 at 2017-05-03 13:33:49 -0500
Processing by UsersController#new as HTML
  Rendering users/new.html.erb within layouts/application
  Rendered users/_form.html.erb (4.0ms)
  Rendered users/new.html.erb within layouts/application (56.0ms)
Completed 200 OK in 200ms (Views: 161.4ms | ActiveRecord: 0.0ms)


Started POST "/users" for ::1 at 2017-05-03 13:33:55 -0500
Processing by UsersController#create as HTML
  Parameters: {"utf8"=>"✓", "authenticity_token"=>"rRhm1eA77IYxpedEXUf9ExobE5oeBYaNtCvdNGWnAjv6zBw35Np+wL9t8uN1KBpsYzLD5S+iUMLgz2UnuLNMXQ==", "user"=>{"password"=>"[FILTERED]", "username"=>"dfg"}, "commit"=>"Create User"}
  [1m[35m (0.0ms)[0m  [1m[35mBEGIN[0m
  [1m[35m (0.0ms)[0m  [1m[31mROLLBACK[0m
  Rendering users/new.html.erb within layouts/application
  Rendered users/_form.html.erb (0.0ms)
  Rendered users/new.html.erb within layouts/application (48.0ms)
Completed 200 OK in 160ms (Views: 153.9ms | ActiveRecord: 0.0ms)


Started POST "/users" for ::1 at 2017-05-03 13:34:03 -0500
Processing by UsersController#create as HTML
  Parameters: {"utf8"=>"✓", "authenticity_token"=>"uH8+RswZScuxvD3M64zJkUDenlytmcvyCtGpjzNgPkLvq0SkyPjbjT90KGvD4y7uOfdOI5w+Hb1eNRGc7nRwJA==", "user"=>{"password"=>"[FILTERED]", "username"=>"dfg"}, "commit"=>"Create User"}
  [1m[35m (0.0ms)[0m  [1m[35mBEGIN[0m
  [1m[35m (0.0ms)[0m  [1m[31mROLLBACK[0m
  Rendering users/new.html.erb within layouts/application
  Rendered users/_form.html.erb (4.0ms)
  Rendered users/new.html.erb within layouts/application (56.0ms)
Completed 200 OK in 180ms (Views: 174.4ms | ActiveRecord: 0.0ms)


  [1m[35m (0.0ms)[0m  [1m[34mSELECT DATABASE() as db[0m
  [1m[35m (0.0ms)[0m  [1m[34mSELECT GET_LOCK('6301756227577528200', 0);[0m
  [1m[36mActiveRecord::SchemaMigration Load (15.6ms)[0m  [1m[34mSELECT `schema_migrations`.* FROM `schema_migrations`[0m
  [1m[36mActiveRecord::InternalMetadata Load (0.0ms)[0m  [1m[34mSELECT  `ar_internal_metadata`.* FROM `ar_internal_metadata` WHERE `ar_internal_metadata`.`key` = 'environment' LIMIT 1[0m
  [1m[35m (0.0ms)[0m  [1m[35mBEGIN[0m
  [1m[35m (0.0ms)[0m  [1m[35mCOMMIT[0m
  [1m[35m (0.0ms)[0m  [1m[34mSELECT RELEASE_LOCK('6301756227577528200')[0m
  [1m[36mActiveRecord::SchemaMigration Load (0.0ms)[0m  [1m[34mSELECT `schema_migrations`.* FROM `schema_migrations`[0m
  [1m[35m (0.0ms)[0m  [1m[35mSHOW CREATE TABLE `posts`[0m
  [1m[35m (15.6ms)[0m  [1m[35mSHOW TABLE STATUS LIKE 'posts'[0m
  [1m[35m (0.0ms)[0m  [1m[35mSHOW CREATE TABLE `users`[0m
  [1m[35m (0.0ms)[0m  [1m[35mSHOW TABLE STATUS LIKE 'users'[0m
Started POST "/users" for ::1 at 2017-05-03 13:36:41 -0500
Processing by UsersController#create as HTML
  Parameters: {"utf8"=>"✓", "authenticity_token"=>"uH8+RswZScuxvD3M64zJkUDenlytmcvyCtGpjzNgPkLvq0SkyPjbjT90KGvD4y7uOfdOI5w+Hb1eNRGc7nRwJA==", "user"=>{"password"=>"[FILTERED]", "username"=>"dfg"}, "commit"=>"Create User"}
  [1m[35m (0.0ms)[0m  [1m[35mBEGIN[0m
  [1m[35m (0.0ms)[0m  [1m[31mROLLBACK[0m
  Rendering users/new.html.erb within layouts/application
  Rendered users/_form.html.erb (0.0ms)
  Rendered users/new.html.erb within layouts/application (40.0ms)
Completed 200 OK in 172ms (Views: 151.2ms | ActiveRecord: 4.0ms)


Started GET "/users" for ::1 at 2017-05-03 13:36:48 -0500
Processing by UsersController#index as HTML
  Rendering users/index.html.erb within layouts/application
  [1m[36mUser Load (0.0ms)[0m  [1m[34mSELECT `users`.* FROM `users`[0m
  Rendered users/index.html.erb within layouts/application (4.0ms)
Completed 200 OK in 136ms (Views: 104.8ms | ActiveRecord: 0.0ms)


Started GET "/users/new" for ::1 at 2017-05-03 13:36:51 -0500
Processing by UsersController#new as HTML
  Rendering users/new.html.erb within layouts/application
  Rendered users/_form.html.erb (4.0ms)
  Rendered users/new.html.erb within layouts/application (64.0ms)
Completed 200 OK in 284ms (Views: 247.5ms | ActiveRecord: 0.0ms)


  [1m[35m (0.0ms)[0m  [1m[34mSELECT DATABASE() as db[0m
  [1m[35m (0.0ms)[0m  [1m[34mSELECT GET_LOCK('6301756227577528200', 0);[0m
  [1m[36mActiveRecord::SchemaMigration Load (0.0ms)[0m  [1m[34mSELECT `schema_migrations`.* FROM `schema_migrations`[0m
  [1m[36mActiveRecord::InternalMetadata Load (0.0ms)[0m  [1m[34mSELECT  `ar_internal_metadata`.* FROM `ar_internal_metadata` WHERE `ar_internal_metadata`.`key` = 'environment' LIMIT 1[0m
  [1m[35m (0.0ms)[0m  [1m[35mBEGIN[0m
  [1m[35m (0.0ms)[0m  [1m[35mCOMMIT[0m
  [1m[35m (0.0ms)[0m  [1m[34mSELECT RELEASE_LOCK('6301756227577528200')[0m
  [1m[36mActiveRecord::SchemaMigration Load (0.0ms)[0m  [1m[34mSELECT `schema_migrations`.* FROM `schema_migrations`[0m
  [1m[35m (0.0ms)[0m  [1m[35mSHOW CREATE TABLE `posts`[0m
  [1m[35m (0.0ms)[0m  [1m[35mSHOW TABLE STATUS LIKE 'posts'[0m
  [1m[35m (0.0ms)[0m  [1m[35mSHOW CREATE TABLE `users`[0m
  [1m[35m (0.0ms)[0m  [1m[35mSHOW TABLE STATUS LIKE 'users'[0m
  [1m[35m (0.0ms)[0m  [1m[34mSELECT DATABASE() as db[0m
  [1m[35m (0.0ms)[0m  [1m[34mSELECT GET_LOCK('6301756227577528200', 0);[0m
  [1m[36mActiveRecord::SchemaMigration Load (0.0ms)[0m  [1m[34mSELECT `schema_migrations`.* FROM `schema_migrations`[0m
  [1m[36mActiveRecord::InternalMetadata Load (0.0ms)[0m  [1m[34mSELECT  `ar_internal_metadata`.* FROM `ar_internal_metadata` WHERE `ar_internal_metadata`.`key` = 'environment' LIMIT 1[0m
  [1m[35m (0.0ms)[0m  [1m[35mBEGIN[0m
  [1m[35m (15.6ms)[0m  [1m[35mCOMMIT[0m
  [1m[35m (0.0ms)[0m  [1m[34mSELECT RELEASE_LOCK('6301756227577528200')[0m
  [1m[36mActiveRecord::SchemaMigration Load (0.0ms)[0m  [1m[34mSELECT `schema_migrations`.* FROM `schema_migrations`[0m
  [1m[35m (0.0ms)[0m  [1m[35mSHOW CREATE TABLE `posts`[0m
  [1m[35m (0.0ms)[0m  [1m[35mSHOW TABLE STATUS LIKE 'posts'[0m
  [1m[35m (1.0ms)[0m  [1m[35mSHOW CREATE TABLE `users`[0m
  [1m[35m (1.0ms)[0m  [1m[35mSHOW TABLE STATUS LIKE 'users'[0m
  [1m[35m (0.0ms)[0m  [1m[34mSELECT DATABASE() as db[0m
  [1m[35m (0.0ms)[0m  [1m[34mSELECT GET_LOCK('6301756227577528200', 0);[0m
  [1m[36mActiveRecord::SchemaMigration Load (0.0ms)[0m  [1m[34mSELECT `schema_migrations`.* FROM `schema_migrations`[0m
  [1m[36mActiveRecord::InternalMetadata Load (0.0ms)[0m  [1m[34mSELECT  `ar_internal_metadata`.* FROM `ar_internal_metadata` WHERE `ar_internal_metadata`.`key` = 'environment' LIMIT 1[0m
  [1m[35m (0.0ms)[0m  [1m[35mBEGIN[0m
  [1m[35m (0.0ms)[0m  [1m[35mCOMMIT[0m
  [1m[35m (0.0ms)[0m  [1m[34mSELECT RELEASE_LOCK('6301756227577528200')[0m
  [1m[36mActiveRecord::SchemaMigration Load (0.0ms)[0m  [1m[34mSELECT `schema_migrations`.* FROM `schema_migrations`[0m
  [1m[35m (0.0ms)[0m  [1m[35mSHOW CREATE TABLE `posts`[0m
  [1m[35m (0.0ms)[0m  [1m[35mSHOW TABLE STATUS LIKE 'posts'[0m
  [1m[35m (0.0ms)[0m  [1m[35mSHOW CREATE TABLE `users`[0m
  [1m[35m (0.0ms)[0m  [1m[35mSHOW TABLE STATUS LIKE 'users'[0m
Started GET "/posts" for ::1 at 2017-05-03 13:41:52 -0500
Processing by PostsController#index as HTML
  Rendering posts/index.html.erb within layouts/application
  [1m[36mPost Load (0.0ms)[0m  [1m[34mSELECT `posts`.* FROM `posts`[0m
  Rendered posts/index.html.erb within layouts/application (8.0ms)
Completed 200 OK in 156ms (Views: 108.0ms | ActiveRecord: 4.0ms)


Started GET "/posts/new" for ::1 at 2017-05-03 13:41:55 -0500
Processing by PostsController#new as HTML
Started GET "/posts/new" for ::1 at 2017-05-03 13:41:55 -0500
  Rendering posts/new.html.erb within layouts/application
Processing by PostsController#new as HTML
  Rendered posts/_form.html.erb (4.0ms)
  Rendered posts/new.html.erb within layouts/application (112.0ms)
Completed 200 OK in 368ms (Views: 313.4ms | ActiveRecord: 4.0ms)


  Rendering posts/new.html.erb within layouts/application
  Rendered posts/_form.html.erb (4.0ms)
  Rendered posts/new.html.erb within layouts/application (44.0ms)
Completed 200 OK in 192ms (Views: 152.0ms | ActiveRecord: 0.0ms)


  [1m[35m (0.5ms)[0m  [1m[34mSELECT DATABASE() as db[0m
  [1m[35m (0.5ms)[0m  [1m[34mSELECT GET_LOCK('6301756227577528200', 0);[0m
  [1m[36mActiveRecord::SchemaMigration Load (3.0ms)[0m  [1m[34mSELECT `schema_migrations`.* FROM `schema_migrations`[0m
Migrating to CreateComments (20170503213733)
  [1m[35m (661.7ms)[0m  [1m[35mCREATE TABLE `comments` (`id` int AUTO_INCREMENT PRIMARY KEY, `commenter` varchar(255), `body` text, `article_id` int, `created_at` datetime NOT NULL, `updated_at` datetime NOT NULL,  INDEX `index_comments_on_article_id`  (`article_id`), CONSTRAINT `fk_rails_3bf61a60d3`
FOREIGN KEY (`article_id`)
  REFERENCES `articles` (`id`)
) ENGINE=InnoDB[0m
  [1m[35m (0.5ms)[0m  [1m[34mSELECT RELEASE_LOCK('6301756227577528200')[0m
  [1m[35m (0.0ms)[0m  [1m[34mSELECT DATABASE() as db[0m
  [1m[35m (0.0ms)[0m  [1m[34mSELECT GET_LOCK('6301756227577528200', 0);[0m
  [1m[36mActiveRecord::SchemaMigration Load (0.0ms)[0m  [1m[34mSELECT `schema_migrations`.* FROM `schema_migrations`[0m
Migrating to CreateComments (20170503213733)
  [1m[35m (421.9ms)[0m  [1m[35mCREATE TABLE `comments` (`id` int AUTO_INCREMENT PRIMARY KEY, `commenter` varchar(255), `body` text, `article_id` int, `created_at` datetime NOT NULL, `updated_at` datetime NOT NULL,  INDEX `index_comments_on_article_id`  (`article_id`), CONSTRAINT `fk_rails_3bf61a60d3`
FOREIGN KEY (`article_id`)
  REFERENCES `articles` (`id`)
) ENGINE=InnoDB[0m
  [1m[35m (0.0ms)[0m  [1m[34mSELECT RELEASE_LOCK('6301756227577528200')[0m
  [1m[35m (0.0ms)[0m  [1m[34mSELECT DATABASE() as db[0m
  [1m[35m (1.0ms)[0m  [1m[34mSELECT GET_LOCK('6301756227577528200', 0);[0m
  [1m[36mActiveRecord::SchemaMigration Load (5.0ms)[0m  [1m[34mSELECT `schema_migrations`.* FROM `schema_migrations`[0m
Migrating to CreateComments (20170503224845)
  [1m[35m (453.7ms)[0m  [1m[35mCREATE TABLE `comments` (`id` int AUTO_INCREMENT PRIMARY KEY, `commenter` varchar(255), `body` text, `post_id` int, `created_at` datetime NOT NULL, `updated_at` datetime NOT NULL,  INDEX `index_comments_on_post_id`  (`post_id`), CONSTRAINT `fk_rails_2fd19c0db7`
FOREIGN KEY (`post_id`)
  REFERENCES `posts` (`id`)
) ENGINE=InnoDB[0m
  [1m[35m (1.0ms)[0m  [1m[35mBEGIN[0m
  [1m[35mSQL (1.0ms)[0m  [1m[32mINSERT INTO `schema_migrations` (`version`) VALUES ('20170503224845')[0m
  [1m[35m (55.9ms)[0m  [1m[35mCOMMIT[0m
  [1m[36mActiveRecord::InternalMetadata Load (1.0ms)[0m  [1m[34mSELECT  `ar_internal_metadata`.* FROM `ar_internal_metadata` WHERE `ar_internal_metadata`.`key` = 'environment' LIMIT 1[0m
  [1m[35m (0.0ms)[0m  [1m[35mBEGIN[0m
  [1m[35m (1.0ms)[0m  [1m[35mCOMMIT[0m
  [1m[35m (0.0ms)[0m  [1m[34mSELECT RELEASE_LOCK('6301756227577528200')[0m
  [1m[36mActiveRecord::SchemaMigration Load (0.0ms)[0m  [1m[34mSELECT `schema_migrations`.* FROM `schema_migrations`[0m
  [1m[35m (21.6ms)[0m  [1m[35mSHOW CREATE TABLE `comments`[0m
  [1m[35m (2.0ms)[0m  [1m[35mSHOW TABLE STATUS LIKE 'comments'[0m
  [1m[35m (0.0ms)[0m  [1m[35mSHOW CREATE TABLE `posts`[0m
  [1m[35m (1.0ms)[0m  [1m[35mSHOW TABLE STATUS LIKE 'posts'[0m
  [1m[35m (1.0ms)[0m  [1m[35mSHOW CREATE TABLE `users`[0m
  [1m[35m (2.0ms)[0m  [1m[35mSHOW TABLE STATUS LIKE 'users'[0m
Started GET "/posts" for ::1 at 2017-05-03 18:21:48 -0500
  [1m[36mActiveRecord::SchemaMigration Load (3.0ms)[0m  [1m[34mSELECT `schema_migrations`.* FROM `schema_migrations`[0m
Processing by PostsController#index as HTML
Completed 500 Internal Server Error in 150ms (ActiveRecord: 0.0ms)


  
ArgumentError (Unknown validator: 'PresenseValidator'):
  
app/models/post.rb:3:in `<class:Post>'
app/models/post.rb:1:in `<top (required)>'
app/controllers/posts_controller.rb:7:in `index'
  Rendering c:/RailsInstaller/Ruby2.3.0/lib/ruby/gems/2.3.0/gems/actionpack-5.0.2/lib/action_dispatch/middleware/templates/rescues/diagnostics.html.erb within rescues/layout
  Rendering c:/RailsInstaller/Ruby2.3.0/lib/ruby/gems/2.3.0/gems/actionpack-5.0.2/lib/action_dispatch/middleware/templates/rescues/_source.html.erb
  Rendered c:/RailsInstaller/Ruby2.3.0/lib/ruby/gems/2.3.0/gems/actionpack-5.0.2/lib/action_dispatch/middleware/templates/rescues/_source.html.erb (10.0ms)
  Rendering c:/RailsInstaller/Ruby2.3.0/lib/ruby/gems/2.3.0/gems/actionpack-5.0.2/lib/action_dispatch/middleware/templates/rescues/_trace.html.erb
  Rendered c:/RailsInstaller/Ruby2.3.0/lib/ruby/gems/2.3.0/gems/actionpack-5.0.2/lib/action_dispatch/middleware/templates/rescues/_trace.html.erb (3.0ms)
  Rendering c:/RailsInstaller/Ruby2.3.0/lib/ruby/gems/2.3.0/gems/actionpack-5.0.2/lib/action_dispatch/middleware/templates/rescues/_request_and_response.html.erb
  Rendered c:/RailsInstaller/Ruby2.3.0/lib/ruby/gems/2.3.0/gems/actionpack-5.0.2/lib/action_dispatch/middleware/templates/rescues/_request_and_response.html.erb (1.0ms)
  Rendered c:/RailsInstaller/Ruby2.3.0/lib/ruby/gems/2.3.0/gems/actionpack-5.0.2/lib/action_dispatch/middleware/templates/rescues/diagnostics.html.erb within rescues/layout (2245.7ms)
Started GET "/posts" for ::1 at 2017-05-03 18:23:12 -0500
Processing by PostsController#index as HTML
Completed 500 Internal Server Error in 15ms (ActiveRecord: 0.0ms)


  
ArgumentError (Unknown validator: 'PresenseValidator'):
  
app/models/post.rb:3:in `<class:Post>'
app/models/post.rb:1:in `<top (required)>'
app/controllers/posts_controller.rb:7:in `index'
  Rendering c:/RailsInstaller/Ruby2.3.0/lib/ruby/gems/2.3.0/gems/actionpack-5.0.2/lib/action_dispatch/middleware/templates/rescues/diagnostics.html.erb within rescues/layout
  Rendering c:/RailsInstaller/Ruby2.3.0/lib/ruby/gems/2.3.0/gems/actionpack-5.0.2/lib/action_dispatch/middleware/templates/rescues/_source.html.erb
  Rendered c:/RailsInstaller/Ruby2.3.0/lib/ruby/gems/2.3.0/gems/actionpack-5.0.2/lib/action_dispatch/middleware/templates/rescues/_source.html.erb (6.0ms)
  Rendering c:/RailsInstaller/Ruby2.3.0/lib/ruby/gems/2.3.0/gems/actionpack-5.0.2/lib/action_dispatch/middleware/templates/rescues/_trace.html.erb
  Rendered c:/RailsInstaller/Ruby2.3.0/lib/ruby/gems/2.3.0/gems/actionpack-5.0.2/lib/action_dispatch/middleware/templates/rescues/_trace.html.erb (3.0ms)
  Rendering c:/RailsInstaller/Ruby2.3.0/lib/ruby/gems/2.3.0/gems/actionpack-5.0.2/lib/action_dispatch/middleware/templates/rescues/_request_and_response.html.erb
  Rendered c:/RailsInstaller/Ruby2.3.0/lib/ruby/gems/2.3.0/gems/actionpack-5.0.2/lib/action_dispatch/middleware/templates/rescues/_request_and_response.html.erb (2.0ms)
  Rendered c:/RailsInstaller/Ruby2.3.0/lib/ruby/gems/2.3.0/gems/actionpack-5.0.2/lib/action_dispatch/middleware/templates/rescues/diagnostics.html.erb within rescues/layout (2070.2ms)
Started GET "/posts" for ::1 at 2017-05-03 18:24:59 -0500
Processing by PostsController#index as HTML
  Rendering posts/index.html.erb within layouts/application
  [1m[36mPost Load (1.0ms)[0m  [1m[34mSELECT `posts`.* FROM `posts`[0m
  Rendered posts/index.html.erb within layouts/application (7.0ms)
Completed 200 OK in 169ms (Views: 122.2ms | ActiveRecord: 2.0ms)


Started GET "/posts/new" for ::1 at 2017-05-03 18:25:24 -0500
Processing by PostsController#new as HTML
  Rendering posts/new.html.erb within layouts/application
  Rendered posts/_form.html.erb (266.1ms)
  Rendered posts/new.html.erb within layouts/application (311.7ms)
Completed 200 OK in 452ms (Views: 407.0ms | ActiveRecord: 1.5ms)


Started POST "/posts" for ::1 at 2017-05-03 18:28:23 -0500
Processing by PostsController#create as HTML
  Parameters: {"utf8"=>"✓", "authenticity_token"=>"rsPM7l/AKZfxL75GWxydS5dWKbLd2ydXmDFJxgIfKPhGhjO02Iqf6eiwpgH6s9rj/0STXQLpn6ZTBWnTc87Dew==", "post"=>{"title"=>"rails ", "image"=>"hi im the picture", "category"=>"trial", "user_id"=>"1"}, "commit"=>"Create Post"}
  [1m[35m (1.0ms)[0m  [1m[35mBEGIN[0m
  [1m[36mUser Load (1.0ms)[0m  [1m[34mSELECT  `users`.* FROM `users` WHERE `users`.`id` = 1 LIMIT 1[0m
  [1m[35mSQL (18.1ms)[0m  [1m[32mINSERT INTO `posts` (`title`, `image`, `category`, `user_id`, `created_at`, `updated_at`) VALUES ('rails ', 'hi im the picture', 'trial', 1, '2017-05-03 23:28:23', '2017-05-03 23:28:23')[0m
  [1m[35m (46.4ms)[0m  [1m[35mCOMMIT[0m
Redirected to http://localhost:3000/posts/1
Completed 302 Found in 307ms (ActiveRecord: 68.5ms)


Started GET "/posts/1" for ::1 at 2017-05-03 18:28:24 -0500
Processing by PostsController#show as HTML
  Parameters: {"id"=>"1"}
  [1m[36mPost Load (1.0ms)[0m  [1m[34mSELECT  `posts`.* FROM `posts` WHERE `posts`.`id` = 1 LIMIT 1[0m
  Rendering posts/show.html.erb within layouts/application
  Rendered posts/show.html.erb within layouts/application (37.0ms)
Completed 500 Internal Server Error in 166ms (ActiveRecord: 1.0ms)


  
ActionView::Template::Error (undefined method `comments' for #<Post:0x5af2868>
Did you mean?  committed!):
    21: </p>
    22: 
    23: <h2>Comments</h2>
    24: <% @post.comments.each do |comment| %>
    25: <p>
    26: 	<strong>Commenter:</strong>
    27: 	<%= comment.commenter %>
  
app/views/posts/show.html.erb:24:in `_app_views_posts_show_html_erb__3617603_47640732'
  Rendering c:/RailsInstaller/Ruby2.3.0/lib/ruby/gems/2.3.0/gems/actionpack-5.0.2/lib/action_dispatch/middleware/templates/rescues/template_error.html.erb within rescues/layout
  Rendering c:/RailsInstaller/Ruby2.3.0/lib/ruby/gems/2.3.0/gems/actionpack-5.0.2/lib/action_dispatch/middleware/templates/rescues/_source.html.erb
  Rendered c:/RailsInstaller/Ruby2.3.0/lib/ruby/gems/2.3.0/gems/actionpack-5.0.2/lib/action_dispatch/middleware/templates/rescues/_source.html.erb (5.0ms)
  Rendering c:/RailsInstaller/Ruby2.3.0/lib/ruby/gems/2.3.0/gems/actionpack-5.0.2/lib/action_dispatch/middleware/templates/rescues/_trace.html.erb
  Rendered c:/RailsInstaller/Ruby2.3.0/lib/ruby/gems/2.3.0/gems/actionpack-5.0.2/lib/action_dispatch/middleware/templates/rescues/_trace.html.erb (1.0ms)
  Rendering c:/RailsInstaller/Ruby2.3.0/lib/ruby/gems/2.3.0/gems/actionpack-5.0.2/lib/action_dispatch/middleware/templates/rescues/_request_and_response.html.erb
  Rendered c:/RailsInstaller/Ruby2.3.0/lib/ruby/gems/2.3.0/gems/actionpack-5.0.2/lib/action_dispatch/middleware/templates/rescues/_request_and_response.html.erb (2.0ms)
  Rendered c:/RailsInstaller/Ruby2.3.0/lib/ruby/gems/2.3.0/gems/actionpack-5.0.2/lib/action_dispatch/middleware/templates/rescues/template_error.html.erb within rescues/layout (1927.1ms)
Started GET "/posts/1" for ::1 at 2017-05-03 18:30:05 -0500
Processing by PostsController#show as HTML
  Parameters: {"id"=>"1"}
  [1m[36mPost Load (0.5ms)[0m  [1m[34mSELECT  `posts`.* FROM `posts` WHERE `posts`.`id` = 1 LIMIT 1[0m
  Rendering posts/show.html.erb within layouts/application
  [1m[36mComment Load (0.5ms)[0m  [1m[34mSELECT `comments`.* FROM `comments` WHERE `comments`.`post_id` = 1[0m
  Rendered posts/show.html.erb within layouts/application (98.9ms)
Completed 500 Internal Server Error in 281ms (ActiveRecord: 7.0ms)


  
ActionView::Template::Error (undefined method `build' for nil:NilClass):
    34: <% end %>
    35: 
    36: <h2>Add a Comment:</h2>
    37: <%= form_for ([@post, @comments.build]) do |f| %>
    38: <p>
    39: 	<%= f.label :commenter%><br />
    40: 	<% f.text_field :commenter %>
  
app/views/posts/show.html.erb:37:in `_app_views_posts_show_html_erb__3617603_44474676'
  Rendering c:/RailsInstaller/Ruby2.3.0/lib/ruby/gems/2.3.0/gems/actionpack-5.0.2/lib/action_dispatch/middleware/templates/rescues/template_error.html.erb within rescues/layout
  Rendering c:/RailsInstaller/Ruby2.3.0/lib/ruby/gems/2.3.0/gems/actionpack-5.0.2/lib/action_dispatch/middleware/templates/rescues/_source.html.erb
  Rendered c:/RailsInstaller/Ruby2.3.0/lib/ruby/gems/2.3.0/gems/actionpack-5.0.2/lib/action_dispatch/middleware/templates/rescues/_source.html.erb (6.5ms)
  Rendering c:/RailsInstaller/Ruby2.3.0/lib/ruby/gems/2.3.0/gems/actionpack-5.0.2/lib/action_dispatch/middleware/templates/rescues/_trace.html.erb
  Rendered c:/RailsInstaller/Ruby2.3.0/lib/ruby/gems/2.3.0/gems/actionpack-5.0.2/lib/action_dispatch/middleware/templates/rescues/_trace.html.erb (3.0ms)
  Rendering c:/RailsInstaller/Ruby2.3.0/lib/ruby/gems/2.3.0/gems/actionpack-5.0.2/lib/action_dispatch/middleware/templates/rescues/_request_and_response.html.erb
  Rendered c:/RailsInstaller/Ruby2.3.0/lib/ruby/gems/2.3.0/gems/actionpack-5.0.2/lib/action_dispatch/middleware/templates/rescues/_request_and_response.html.erb (2.0ms)
  Rendered c:/RailsInstaller/Ruby2.3.0/lib/ruby/gems/2.3.0/gems/actionpack-5.0.2/lib/action_dispatch/middleware/templates/rescues/template_error.html.erb within rescues/layout (2652.4ms)
Started GET "/posts/1" for ::1 at 2017-05-03 18:34:40 -0500
Processing by PostsController#show as HTML
  Parameters: {"id"=>"1"}
  [1m[36mPost Load (0.0ms)[0m  [1m[34mSELECT  `posts`.* FROM `posts` WHERE `posts`.`id` = 1 LIMIT 1[0m
  Rendering posts/show.html.erb within layouts/application
  [1m[36mComment Load (1.0ms)[0m  [1m[34mSELECT `comments`.* FROM `comments` WHERE `comments`.`post_id` = 1[0m
  Rendered posts/show.html.erb within layouts/application (54.0ms)
Completed 200 OK in 211ms (Views: 174.3ms | ActiveRecord: 1.0ms)


Started POST "/posts/1/comments" for ::1 at 2017-05-03 18:36:16 -0500
Processing by CommentsController#create as HTML
  Parameters: {"utf8"=>"✓", "authenticity_token"=>"js5AAKtz2J3doBaVIm5S6ZasoHqP5sKkWCwPAUZ97j3vGqkrX2dVmNgk6eiD+xBdTyRdKzVIDXz5lKsuzj3Aqg==", "commit"=>"Create Comment", "post_id"=>"1"}
  [1m[36mPost Load (1.0ms)[0m  [1m[34mSELECT  `posts`.* FROM `posts` WHERE `posts`.`id` = 1 LIMIT 1[0m
Completed 400 Bad Request in 7ms (ActiveRecord: 1.0ms)


  
ActionController::ParameterMissing (param is missing or the value is empty: comment):
  
app/controllers/comments_controller.rb:10:in `comment_params'
app/controllers/comments_controller.rb:4:in `create'
  Rendering c:/RailsInstaller/Ruby2.3.0/lib/ruby/gems/2.3.0/gems/actionpack-5.0.2/lib/action_dispatch/middleware/templates/rescues/diagnostics.html.erb within rescues/layout
  Rendering c:/RailsInstaller/Ruby2.3.0/lib/ruby/gems/2.3.0/gems/actionpack-5.0.2/lib/action_dispatch/middleware/templates/rescues/_source.html.erb
  Rendered c:/RailsInstaller/Ruby2.3.0/lib/ruby/gems/2.3.0/gems/actionpack-5.0.2/lib/action_dispatch/middleware/templates/rescues/_source.html.erb (3.5ms)
  Rendering c:/RailsInstaller/Ruby2.3.0/lib/ruby/gems/2.3.0/gems/actionpack-5.0.2/lib/action_dispatch/middleware/templates/rescues/_trace.html.erb
  Rendered c:/RailsInstaller/Ruby2.3.0/lib/ruby/gems/2.3.0/gems/actionpack-5.0.2/lib/action_dispatch/middleware/templates/rescues/_trace.html.erb (2.0ms)
  Rendering c:/RailsInstaller/Ruby2.3.0/lib/ruby/gems/2.3.0/gems/actionpack-5.0.2/lib/action_dispatch/middleware/templates/rescues/_request_and_response.html.erb
  Rendered c:/RailsInstaller/Ruby2.3.0/lib/ruby/gems/2.3.0/gems/actionpack-5.0.2/lib/action_dispatch/middleware/templates/rescues/_request_and_response.html.erb (1.5ms)
  Rendered c:/RailsInstaller/Ruby2.3.0/lib/ruby/gems/2.3.0/gems/actionpack-5.0.2/lib/action_dispatch/middleware/templates/rescues/diagnostics.html.erb within rescues/layout (1787.5ms)
Started GET "/posts/1" for ::1 at 2017-05-03 18:41:37 -0500
Processing by PostsController#show as HTML
  Parameters: {"id"=>"1"}
  [1m[36mPost Load (1.0ms)[0m  [1m[34mSELECT  `posts`.* FROM `posts` WHERE `posts`.`id` = 1 LIMIT 1[0m
  Rendering posts/show.html.erb within layouts/application
  [1m[36mComment Load (1.0ms)[0m  [1m[34mSELECT `comments`.* FROM `comments` WHERE `comments`.`post_id` = 1[0m
  Rendered posts/show.html.erb within layouts/application (8.3ms)
Completed 200 OK in 132ms (Views: 95.5ms | ActiveRecord: 2.0ms)


Started POST "/posts/1/comments" for ::1 at 2017-05-03 18:41:49 -0500
Processing by CommentsController#create as HTML
  Parameters: {"utf8"=>"✓", "authenticity_token"=>"AzJ4TiBhpQ4uCLkNqSn+eotKgOpfjgYXGAY9EGWXbkVi5pFl1HUoCyuMRnAIvLzOUsJ9u+Ugyc+5vpk/7ddA0g==", "comment"=>{"commenter"=>"user1", "body"=>"sknfksdnfkdnf"}, "commit"=>"Create Comment", "post_id"=>"1"}
  [1m[36mPost Load (0.0ms)[0m  [1m[34mSELECT  `posts`.* FROM `posts` WHERE `posts`.`id` = 1 LIMIT 1[0m
  [1m[35m (0.0ms)[0m  [1m[35mBEGIN[0m
  [1m[35mSQL (1.0ms)[0m  [1m[32mINSERT INTO `comments` (`commenter`, `body`, `post_id`, `created_at`, `updated_at`) VALUES ('user1', 'sknfksdnfkdnf', 1, '2017-05-03 23:41:49', '2017-05-03 23:41:49')[0m
  [1m[35m (58.0ms)[0m  [1m[35mCOMMIT[0m
Redirected to http://localhost:3000/posts/1
Completed 302 Found in 71ms (ActiveRecord: 59.0ms)


Started GET "/posts/1" for ::1 at 2017-05-03 18:41:49 -0500
Processing by PostsController#show as HTML
  Parameters: {"id"=>"1"}
  [1m[36mPost Load (0.0ms)[0m  [1m[34mSELECT  `posts`.* FROM `posts` WHERE `posts`.`id` = 1 LIMIT 1[0m
  Rendering posts/show.html.erb within layouts/application
  [1m[36mComment Load (0.0ms)[0m  [1m[34mSELECT `comments`.* FROM `comments` WHERE `comments`.`post_id` = 1[0m
  Rendered posts/show.html.erb within layouts/application (8.0ms)
Completed 200 OK in 150ms (Views: 115.6ms | ActiveRecord: 0.0ms)


Started GET "/posts" for ::1 at 2017-05-03 18:42:37 -0500
Processing by PostsController#index as HTML
  Rendering posts/index.html.erb within layouts/application
  [1m[36mPost Load (0.5ms)[0m  [1m[34mSELECT `posts`.* FROM `posts`[0m
  Rendered posts/index.html.erb within layouts/application (3.5ms)
Completed 200 OK in 157ms (Views: 115.3ms | ActiveRecord: 0.5ms)


  [1m[35m (354.1ms)[0m  [1m[35mCREATE TABLE `schema_migrations` (`version` varchar(255) PRIMARY KEY) ENGINE=InnoDB[0m
  [1m[35m (233.3ms)[0m  [1m[35mCREATE TABLE `ar_internal_metadata` (`key` varchar(255) PRIMARY KEY, `value` varchar(255), `created_at` datetime NOT NULL, `updated_at` datetime NOT NULL) ENGINE=InnoDB[0m
  [1m[35m (0.0ms)[0m  [1m[34mSELECT DATABASE() as db[0m
  [1m[35m (0.5ms)[0m  [1m[34mSELECT GET_LOCK('6301756227577528200', 0);[0m
  [1m[36mActiveRecord::SchemaMigration Load (15.6ms)[0m  [1m[34mSELECT `schema_migrations`.* FROM `schema_migrations`[0m
Migrating to CreateUsers (20170501213114)
  [1m[35m (325.5ms)[0m  [1m[35mCREATE TABLE `users` (`id` int AUTO_INCREMENT PRIMARY KEY, `password` varchar(255), `username` varchar(255), `created_at` datetime NOT NULL, `updated_at` datetime NOT NULL) ENGINE=InnoDB[0m
  [1m[35m (0.0ms)[0m  [1m[35mBEGIN[0m
  [1m[35mSQL (0.0ms)[0m  [1m[32mINSERT INTO `schema_migrations` (`version`) VALUES ('20170501213114')[0m
  [1m[35m (47.8ms)[0m  [1m[35mCOMMIT[0m
Migrating to CreatePosts (20170503182039)
  [1m[35m (347.9ms)[0m  [1m[35mCREATE TABLE `posts` (`id` int AUTO_INCREMENT PRIMARY KEY, `title` varchar(255), `image` varchar(255), `category` varchar(255), `user_id` int, `created_at` datetime NOT NULL, `updated_at` datetime NOT NULL) ENGINE=InnoDB[0m
  [1m[35m (0.0ms)[0m  [1m[35mBEGIN[0m
  [1m[35mSQL (0.0ms)[0m  [1m[32mINSERT INTO `schema_migrations` (`version`) VALUES ('20170503182039')[0m
  [1m[35m (69.3ms)[0m  [1m[35mCOMMIT[0m
Migrating to CreateComments (20170503224845)
  [1m[35m (446.8ms)[0m  [1m[35mCREATE TABLE `comments` (`id` int AUTO_INCREMENT PRIMARY KEY, `commenter` varchar(255), `body` text, `post_id` int, `created_at` datetime NOT NULL, `updated_at` datetime NOT NULL,  INDEX `index_comments_on_post_id`  (`post_id`), CONSTRAINT `fk_rails_2fd19c0db7`
FOREIGN KEY (`post_id`)
  REFERENCES `posts` (`id`)
) ENGINE=InnoDB[0m
  [1m[35m (0.0ms)[0m  [1m[35mBEGIN[0m
  [1m[35mSQL (0.0ms)[0m  [1m[32mINSERT INTO `schema_migrations` (`version`) VALUES ('20170503224845')[0m
  [1m[35m (45.9ms)[0m  [1m[35mCOMMIT[0m
  [1m[36mActiveRecord::InternalMetadata Load (0.0ms)[0m  [1m[34mSELECT  `ar_internal_metadata`.* FROM `ar_internal_metadata` WHERE `ar_internal_metadata`.`key` = 'environment' LIMIT 1[0m
  [1m[35m (0.0ms)[0m  [1m[35mBEGIN[0m
  [1m[35mSQL (0.0ms)[0m  [1m[32mINSERT INTO `ar_internal_metadata` (`key`, `value`, `created_at`, `updated_at`) VALUES ('environment', 'development', '2017-05-05 12:56:35', '2017-05-05 12:56:35')[0m
  [1m[35m (32.4ms)[0m  [1m[35mCOMMIT[0m
  [1m[35m (0.0ms)[0m  [1m[34mSELECT RELEASE_LOCK('6301756227577528200')[0m
  [1m[36mActiveRecord::SchemaMigration Load (0.0ms)[0m  [1m[34mSELECT `schema_migrations`.* FROM `schema_migrations`[0m
  [1m[35m (0.0ms)[0m  [1m[35mSHOW CREATE TABLE `comments`[0m
  [1m[35m (0.0ms)[0m  [1m[35mSHOW TABLE STATUS LIKE 'comments'[0m
  [1m[35m (0.0ms)[0m  [1m[35mSHOW CREATE TABLE `posts`[0m
  [1m[35m (0.0ms)[0m  [1m[35mSHOW TABLE STATUS LIKE 'posts'[0m
  [1m[35m (0.0ms)[0m  [1m[35mSHOW CREATE TABLE `users`[0m
  [1m[35m (0.0ms)[0m  [1m[35mSHOW TABLE STATUS LIKE 'users'[0m
Started GET "/" for ::1 at 2017-05-05 08:04:11 -0500
  [1m[36mActiveRecord::SchemaMigration Load (0.5ms)[0m  [1m[34mSELECT `schema_migrations`.* FROM `schema_migrations`[0m
Processing by UsersController#index as HTML
  Rendering users/index.html.erb within layouts/application
  [1m[36mUser Load (0.0ms)[0m  [1m[34mSELECT `users`.* FROM `users`[0m
  Rendered users/index.html.erb within layouts/application (55.9ms)
Completed 200 OK in 1575ms (Views: 1506.9ms | ActiveRecord: 0.0ms)


Started GET "/" for ::1 at 2017-05-05 08:09:06 -0500
Processing by UsersController#index as HTML
  Rendering users/index.html.erb within layouts/application
  [1m[36mUser Load (0.0ms)[0m  [1m[34mSELECT `users`.* FROM `users`[0m
  Rendered users/index.html.erb within layouts/application (8.0ms)
Completed 200 OK in 8588ms (Views: 8549.5ms | ActiveRecord: 0.0ms)


Started GET "/" for ::1 at 2017-05-06 01:38:08 -0500
  [1m[36mActiveRecord::SchemaMigration Load (3.5ms)[0m  [1m[34mSELECT `schema_migrations`.* FROM `schema_migrations`[0m
Processing by UsersController#index as HTML
  Rendering users/index.html.erb within layouts/application
  [1m[36mUser Load (2.0ms)[0m  [1m[34mSELECT `users`.* FROM `users`[0m
  Rendered users/index.html.erb within layouts/application (67.0ms)
Completed 500 Internal Server Error in 991ms (ActiveRecord: 3.0ms)


  
ActionView::Template::Error (No route matches {:action=>"index", :controller=>"index"}):
    25:         <span class="icon-bar"></span>
    26:         <span class="icon-bar"></span>
    27:       </button>
    28:       <%= link_to 'Siftr', controller: 'index'%>
    29:     </div>
    30:     <!-- Collect the nav links, forms, and other content for toggling -->
    31:     <div class="collapse navbar-collapse" id="nav-bar-container">
  
app/views/layouts/application.html.erb:28:in `_app_views_layouts_application_html_erb__356141377_41214552'
  Rendering C:/RailsInstaller/Ruby2.3.0/lib/ruby/gems/2.3.0/gems/actionpack-5.0.2/lib/action_dispatch/middleware/templates/rescues/template_error.html.erb within rescues/layout
  Rendering C:/RailsInstaller/Ruby2.3.0/lib/ruby/gems/2.3.0/gems/actionpack-5.0.2/lib/action_dispatch/middleware/templates/rescues/_source.html.erb
  Rendered C:/RailsInstaller/Ruby2.3.0/lib/ruby/gems/2.3.0/gems/actionpack-5.0.2/lib/action_dispatch/middleware/templates/rescues/_source.html.erb (11.0ms)
  Rendering C:/RailsInstaller/Ruby2.3.0/lib/ruby/gems/2.3.0/gems/actionpack-5.0.2/lib/action_dispatch/middleware/templates/rescues/_trace.html.erb
  Rendered C:/RailsInstaller/Ruby2.3.0/lib/ruby/gems/2.3.0/gems/actionpack-5.0.2/lib/action_dispatch/middleware/templates/rescues/_trace.html.erb (4.5ms)
  Rendering C:/RailsInstaller/Ruby2.3.0/lib/ruby/gems/2.3.0/gems/actionpack-5.0.2/lib/action_dispatch/middleware/templates/rescues/_request_and_response.html.erb
  Rendered C:/RailsInstaller/Ruby2.3.0/lib/ruby/gems/2.3.0/gems/actionpack-5.0.2/lib/action_dispatch/middleware/templates/rescues/_request_and_response.html.erb (2.0ms)
  Rendered C:/RailsInstaller/Ruby2.3.0/lib/ruby/gems/2.3.0/gems/actionpack-5.0.2/lib/action_dispatch/middleware/templates/rescues/template_error.html.erb within rescues/layout (2454.4ms)
Started GET "/" for ::1 at 2017-05-06 01:39:04 -0500
Processing by HomepageController#index as HTML
  Rendering homepage/index.html.erb within layouts/application
  Rendered homepage/index.html.erb within layouts/application (1.0ms)
Completed 500 Internal Server Error in 333ms (ActiveRecord: 0.0ms)


  
ActionView::Template::Error (No route matches {:action=>"index", :controller=>"index"}):
    25:         <span class="icon-bar"></span>
    26:         <span class="icon-bar"></span>
    27:       </button>
    28:       <%= link_to 'Siftr', controller: 'index'%>
    29:     </div>
    30:     <!-- Collect the nav links, forms, and other content for toggling -->
    31:     <div class="collapse navbar-collapse" id="nav-bar-container">
  
app/views/layouts/application.html.erb:28:in `_app_views_layouts_application_html_erb__356141377_82813296'
  Rendering C:/RailsInstaller/Ruby2.3.0/lib/ruby/gems/2.3.0/gems/actionpack-5.0.2/lib/action_dispatch/middleware/templates/rescues/template_error.html.erb within rescues/layout
  Rendering C:/RailsInstaller/Ruby2.3.0/lib/ruby/gems/2.3.0/gems/actionpack-5.0.2/lib/action_dispatch/middleware/templates/rescues/_source.html.erb
  Rendered C:/RailsInstaller/Ruby2.3.0/lib/ruby/gems/2.3.0/gems/actionpack-5.0.2/lib/action_dispatch/middleware/templates/rescues/_source.html.erb (12.5ms)
  Rendering C:/RailsInstaller/Ruby2.3.0/lib/ruby/gems/2.3.0/gems/actionpack-5.0.2/lib/action_dispatch/middleware/templates/rescues/_trace.html.erb
  Rendered C:/RailsInstaller/Ruby2.3.0/lib/ruby/gems/2.3.0/gems/actionpack-5.0.2/lib/action_dispatch/middleware/templates/rescues/_trace.html.erb (3.0ms)
  Rendering C:/RailsInstaller/Ruby2.3.0/lib/ruby/gems/2.3.0/gems/actionpack-5.0.2/lib/action_dispatch/middleware/templates/rescues/_request_and_response.html.erb
  Rendered C:/RailsInstaller/Ruby2.3.0/lib/ruby/gems/2.3.0/gems/actionpack-5.0.2/lib/action_dispatch/middleware/templates/rescues/_request_and_response.html.erb (1.5ms)
  Rendered C:/RailsInstaller/Ruby2.3.0/lib/ruby/gems/2.3.0/gems/actionpack-5.0.2/lib/action_dispatch/middleware/templates/rescues/template_error.html.erb within rescues/layout (2317.0ms)
Started GET "/" for ::1 at 2017-05-06 01:40:18 -0500
Processing by HomepageController#index as HTML
  Rendering homepage/index.html.erb within layouts/application
  Rendered homepage/index.html.erb within layouts/application (0.5ms)
Completed 500 Internal Server Error in 167ms (ActiveRecord: 0.0ms)


  
ActionView::Template::Error (No route matches {:action=>"index", :controller=>"categories"}):
    31:     <div class="collapse navbar-collapse" id="nav-bar-container">
    32:       <ul class="siftr-nav-right nav navbar-nav">
    33:         <li>
    34:           <%= link_to 'Categories', controller: 'categories'%>
    35:         </li>
    36:         <li>
    37:           <%= link_to 'Login', controller: 'login'%>
  
app/views/layouts/application.html.erb:34:in `_app_views_layouts_application_html_erb__356141377_25082592'
  Rendering C:/RailsInstaller/Ruby2.3.0/lib/ruby/gems/2.3.0/gems/actionpack-5.0.2/lib/action_dispatch/middleware/templates/rescues/template_error.html.erb within rescues/layout
  Rendering C:/RailsInstaller/Ruby2.3.0/lib/ruby/gems/2.3.0/gems/actionpack-5.0.2/lib/action_dispatch/middleware/templates/rescues/_source.html.erb
  Rendered C:/RailsInstaller/Ruby2.3.0/lib/ruby/gems/2.3.0/gems/actionpack-5.0.2/lib/action_dispatch/middleware/templates/rescues/_source.html.erb (7.0ms)
  Rendering C:/RailsInstaller/Ruby2.3.0/lib/ruby/gems/2.3.0/gems/actionpack-5.0.2/lib/action_dispatch/middleware/templates/rescues/_trace.html.erb
  Rendered C:/RailsInstaller/Ruby2.3.0/lib/ruby/gems/2.3.0/gems/actionpack-5.0.2/lib/action_dispatch/middleware/templates/rescues/_trace.html.erb (2.5ms)
  Rendering C:/RailsInstaller/Ruby2.3.0/lib/ruby/gems/2.3.0/gems/actionpack-5.0.2/lib/action_dispatch/middleware/templates/rescues/_request_and_response.html.erb
  Rendered C:/RailsInstaller/Ruby2.3.0/lib/ruby/gems/2.3.0/gems/actionpack-5.0.2/lib/action_dispatch/middleware/templates/rescues/_request_and_response.html.erb (1.0ms)
  Rendered C:/RailsInstaller/Ruby2.3.0/lib/ruby/gems/2.3.0/gems/actionpack-5.0.2/lib/action_dispatch/middleware/templates/rescues/template_error.html.erb within rescues/layout (1720.9ms)
Started GET "/" for ::1 at 2017-05-06 01:40:59 -0500
Processing by HomepageController#index as HTML
  Rendering homepage/index.html.erb within layouts/application
  Rendered homepage/index.html.erb within layouts/application (0.5ms)
Completed 500 Internal Server Error in 201ms (ActiveRecord: 0.0ms)


  
ActionView::Template::Error (No route matches {:action=>"index", :controller=>"login"}):
    34:           <%# link_to 'Categories', controller: 'categories'%>
    35:         </li>
    36:         <li>
    37:           <%= link_to 'Login', controller: 'login'%>
    38:         </li>
    39:         <li>
    40:           <%= link_to 'users home page', controller: 'users_home_page'%>
  
app/views/layouts/application.html.erb:37:in `_app_views_layouts_application_html_erb__356141377_78767904'
  Rendering C:/RailsInstaller/Ruby2.3.0/lib/ruby/gems/2.3.0/gems/actionpack-5.0.2/lib/action_dispatch/middleware/templates/rescues/template_error.html.erb within rescues/layout
  Rendering C:/RailsInstaller/Ruby2.3.0/lib/ruby/gems/2.3.0/gems/actionpack-5.0.2/lib/action_dispatch/middleware/templates/rescues/_source.html.erb
  Rendered C:/RailsInstaller/Ruby2.3.0/lib/ruby/gems/2.3.0/gems/actionpack-5.0.2/lib/action_dispatch/middleware/templates/rescues/_source.html.erb (8.5ms)
  Rendering C:/RailsInstaller/Ruby2.3.0/lib/ruby/gems/2.3.0/gems/actionpack-5.0.2/lib/action_dispatch/middleware/templates/rescues/_trace.html.erb
  Rendered C:/RailsInstaller/Ruby2.3.0/lib/ruby/gems/2.3.0/gems/actionpack-5.0.2/lib/action_dispatch/middleware/templates/rescues/_trace.html.erb (4.0ms)
  Rendering C:/RailsInstaller/Ruby2.3.0/lib/ruby/gems/2.3.0/gems/actionpack-5.0.2/lib/action_dispatch/middleware/templates/rescues/_request_and_response.html.erb
  Rendered C:/RailsInstaller/Ruby2.3.0/lib/ruby/gems/2.3.0/gems/actionpack-5.0.2/lib/action_dispatch/middleware/templates/rescues/_request_and_response.html.erb (1.5ms)
  Rendered C:/RailsInstaller/Ruby2.3.0/lib/ruby/gems/2.3.0/gems/actionpack-5.0.2/lib/action_dispatch/middleware/templates/rescues/template_error.html.erb within rescues/layout (1959.0ms)
Started GET "/" for ::1 at 2017-05-06 01:41:22 -0500
Processing by HomepageController#index as HTML
  Rendering homepage/index.html.erb within layouts/application
  Rendered homepage/index.html.erb within layouts/application (0.5ms)
Completed 500 Internal Server Error in 157ms (ActiveRecord: 0.0ms)


  
ActionView::Template::Error (No route matches {:action=>"index", :controller=>"users_home_page"}):
    37:           <%= link_to 'Login', controller: 'users'%>
    38:         </li>
    39:         <li>
    40:           <%= link_to 'users home page', controller: 'users_home_page'%>
    41:         </li>
    42:       </ul>
    43:     </div>
  
app/views/layouts/application.html.erb:40:in `_app_views_layouts_application_html_erb__356141377_78424596'
  Rendering C:/RailsInstaller/Ruby2.3.0/lib/ruby/gems/2.3.0/gems/actionpack-5.0.2/lib/action_dispatch/middleware/templates/rescues/template_error.html.erb within rescues/layout
  Rendering C:/RailsInstaller/Ruby2.3.0/lib/ruby/gems/2.3.0/gems/actionpack-5.0.2/lib/action_dispatch/middleware/templates/rescues/_source.html.erb
  Rendered C:/RailsInstaller/Ruby2.3.0/lib/ruby/gems/2.3.0/gems/actionpack-5.0.2/lib/action_dispatch/middleware/templates/rescues/_source.html.erb (12.5ms)
  Rendering C:/RailsInstaller/Ruby2.3.0/lib/ruby/gems/2.3.0/gems/actionpack-5.0.2/lib/action_dispatch/middleware/templates/rescues/_trace.html.erb
  Rendered C:/RailsInstaller/Ruby2.3.0/lib/ruby/gems/2.3.0/gems/actionpack-5.0.2/lib/action_dispatch/middleware/templates/rescues/_trace.html.erb (3.5ms)
  Rendering C:/RailsInstaller/Ruby2.3.0/lib/ruby/gems/2.3.0/gems/actionpack-5.0.2/lib/action_dispatch/middleware/templates/rescues/_request_and_response.html.erb
  Rendered C:/RailsInstaller/Ruby2.3.0/lib/ruby/gems/2.3.0/gems/actionpack-5.0.2/lib/action_dispatch/middleware/templates/rescues/_request_and_response.html.erb (1.0ms)
  Rendered C:/RailsInstaller/Ruby2.3.0/lib/ruby/gems/2.3.0/gems/actionpack-5.0.2/lib/action_dispatch/middleware/templates/rescues/template_error.html.erb within rescues/layout (1911.2ms)
Started GET "/" for ::1 at 2017-05-06 01:41:56 -0500
Processing by HomepageController#index as HTML
  Rendering homepage/index.html.erb within layouts/application
  Rendered homepage/index.html.erb within layouts/application (0.5ms)
Completed 200 OK in 125ms (Views: 93.7ms | ActiveRecord: 0.0ms)


Started GET "/" for ::1 at 2017-05-06 01:42:39 -0500
Processing by HomepageController#index as HTML
  Rendering homepage/index.html.erb within layouts/application
  Rendered homepage/index.html.erb within layouts/application (0.5ms)
Completed 200 OK in 142ms (Views: 108.7ms | ActiveRecord: 0.0ms)


Started GET "/stylesheets/default.css" for ::1 at 2017-05-06 01:42:39 -0500
  
ActionController::RoutingError (No route matches [GET] "/stylesheets/default.css"):
  
actionpack (5.0.2) lib/action_dispatch/middleware/debug_exceptions.rb:53:in `call'
web-console (3.5.0) lib/web_console/middleware.rb:135:in `call_app'
web-console (3.5.0) lib/web_console/middleware.rb:28:in `block in call'
web-console (3.5.0) lib/web_console/middleware.rb:18:in `catch'
web-console (3.5.0) lib/web_console/middleware.rb:18:in `call'
actionpack (5.0.2) lib/action_dispatch/middleware/show_exceptions.rb:31:in `call'
railties (5.0.2) lib/rails/rack/logger.rb:36:in `call_app'
railties (5.0.2) lib/rails/rack/logger.rb:24:in `block in call'
activesupport (5.0.2) lib/active_support/tagged_logging.rb:69:in `block in tagged'
activesupport (5.0.2) lib/active_support/tagged_logging.rb:26:in `tagged'
activesupport (5.0.2) lib/active_support/tagged_logging.rb:69:in `tagged'
railties (5.0.2) lib/rails/rack/logger.rb:24:in `call'
sprockets-rails (3.2.0) lib/sprockets/rails/quiet_assets.rb:13:in `call'
actionpack (5.0.2) lib/action_dispatch/middleware/request_id.rb:24:in `call'
rack (2.0.1) lib/rack/method_override.rb:22:in `call'
rack (2.0.1) lib/rack/runtime.rb:22:in `call'
activesupport (5.0.2) lib/active_support/cache/strategy/local_cache_middleware.rb:28:in `call'
actionpack (5.0.2) lib/action_dispatch/middleware/executor.rb:12:in `call'
actionpack (5.0.2) lib/action_dispatch/middleware/static.rb:136:in `call'
rack (2.0.1) lib/rack/sendfile.rb:111:in `call'
railties (5.0.2) lib/rails/engine.rb:522:in `call'
puma (3.8.2) lib/puma/configuration.rb:224:in `call'
puma (3.8.2) lib/puma/server.rb:600:in `handle_request'
puma (3.8.2) lib/puma/server.rb:435:in `process_client'
puma (3.8.2) lib/puma/server.rb:299:in `block in run'
puma (3.8.2) lib/puma/thread_pool.rb:120:in `block in spawn_thread'
  Rendering C:/RailsInstaller/Ruby2.3.0/lib/ruby/gems/2.3.0/gems/actionpack-5.0.2/lib/action_dispatch/middleware/templates/rescues/routing_error.html.erb within rescues/layout
  Rendering C:/RailsInstaller/Ruby2.3.0/lib/ruby/gems/2.3.0/gems/actionpack-5.0.2/lib/action_dispatch/middleware/templates/rescues/_trace.html.erb
  Rendered C:/RailsInstaller/Ruby2.3.0/lib/ruby/gems/2.3.0/gems/actionpack-5.0.2/lib/action_dispatch/middleware/templates/rescues/_trace.html.erb (1.5ms)
  Rendered collection of C:/RailsInstaller/Ruby2.3.0/lib/ruby/gems/2.3.0/gems/actionpack-5.0.2/lib/action_dispatch/middleware/templates/routes/_route.html.erb [26 times] (16.5ms)
  Rendered C:/RailsInstaller/Ruby2.3.0/lib/ruby/gems/2.3.0/gems/actionpack-5.0.2/lib/action_dispatch/middleware/templates/routes/_table.html.erb (42.4ms)
  Rendering C:/RailsInstaller/Ruby2.3.0/lib/ruby/gems/2.3.0/gems/actionpack-5.0.2/lib/action_dispatch/middleware/templates/rescues/_request_and_response.html.erb
  Rendered C:/RailsInstaller/Ruby2.3.0/lib/ruby/gems/2.3.0/gems/actionpack-5.0.2/lib/action_dispatch/middleware/templates/rescues/_request_and_response.html.erb (2.0ms)
  Rendered C:/RailsInstaller/Ruby2.3.0/lib/ruby/gems/2.3.0/gems/actionpack-5.0.2/lib/action_dispatch/middleware/templates/rescues/routing_error.html.erb within rescues/layout (2171.6ms)
Started GET "/users" for ::1 at 2017-05-06 01:43:01 -0500
Processing by UsersController#index as HTML
  Rendering users/index.html.erb within layouts/application
  [1m[36mUser Load (2.0ms)[0m  [1m[34mSELECT `users`.* FROM `users`[0m
  Rendered users/index.html.erb within layouts/application (6.0ms)
Completed 200 OK in 138ms (Views: 96.1ms | ActiveRecord: 3.0ms)


Started GET "/stylesheets/default.css" for ::1 at 2017-05-06 01:43:02 -0500
  
ActionController::RoutingError (No route matches [GET] "/stylesheets/default.css"):
  
actionpack (5.0.2) lib/action_dispatch/middleware/debug_exceptions.rb:53:in `call'
web-console (3.5.0) lib/web_console/middleware.rb:135:in `call_app'
web-console (3.5.0) lib/web_console/middleware.rb:28:in `block in call'
web-console (3.5.0) lib/web_console/middleware.rb:18:in `catch'
web-console (3.5.0) lib/web_console/middleware.rb:18:in `call'
actionpack (5.0.2) lib/action_dispatch/middleware/show_exceptions.rb:31:in `call'
railties (5.0.2) lib/rails/rack/logger.rb:36:in `call_app'
railties (5.0.2) lib/rails/rack/logger.rb:24:in `block in call'
activesupport (5.0.2) lib/active_support/tagged_logging.rb:69:in `block in tagged'
activesupport (5.0.2) lib/active_support/tagged_logging.rb:26:in `tagged'
activesupport (5.0.2) lib/active_support/tagged_logging.rb:69:in `tagged'
railties (5.0.2) lib/rails/rack/logger.rb:24:in `call'
sprockets-rails (3.2.0) lib/sprockets/rails/quiet_assets.rb:13:in `call'
actionpack (5.0.2) lib/action_dispatch/middleware/request_id.rb:24:in `call'
rack (2.0.1) lib/rack/method_override.rb:22:in `call'
rack (2.0.1) lib/rack/runtime.rb:22:in `call'
activesupport (5.0.2) lib/active_support/cache/strategy/local_cache_middleware.rb:28:in `call'
actionpack (5.0.2) lib/action_dispatch/middleware/executor.rb:12:in `call'
actionpack (5.0.2) lib/action_dispatch/middleware/static.rb:136:in `call'
rack (2.0.1) lib/rack/sendfile.rb:111:in `call'
railties (5.0.2) lib/rails/engine.rb:522:in `call'
puma (3.8.2) lib/puma/configuration.rb:224:in `call'
puma (3.8.2) lib/puma/server.rb:600:in `handle_request'
puma (3.8.2) lib/puma/server.rb:435:in `process_client'
puma (3.8.2) lib/puma/server.rb:299:in `block in run'
puma (3.8.2) lib/puma/thread_pool.rb:120:in `block in spawn_thread'
  Rendering C:/RailsInstaller/Ruby2.3.0/lib/ruby/gems/2.3.0/gems/actionpack-5.0.2/lib/action_dispatch/middleware/templates/rescues/routing_error.html.erb within rescues/layout
  Rendering C:/RailsInstaller/Ruby2.3.0/lib/ruby/gems/2.3.0/gems/actionpack-5.0.2/lib/action_dispatch/middleware/templates/rescues/_trace.html.erb
  Rendered C:/RailsInstaller/Ruby2.3.0/lib/ruby/gems/2.3.0/gems/actionpack-5.0.2/lib/action_dispatch/middleware/templates/rescues/_trace.html.erb (1.5ms)
  Rendered collection of C:/RailsInstaller/Ruby2.3.0/lib/ruby/gems/2.3.0/gems/actionpack-5.0.2/lib/action_dispatch/middleware/templates/routes/_route.html.erb [26 times] (17.0ms)
  Rendered C:/RailsInstaller/Ruby2.3.0/lib/ruby/gems/2.3.0/gems/actionpack-5.0.2/lib/action_dispatch/middleware/templates/routes/_table.html.erb (3.0ms)
  Rendering C:/RailsInstaller/Ruby2.3.0/lib/ruby/gems/2.3.0/gems/actionpack-5.0.2/lib/action_dispatch/middleware/templates/rescues/_request_and_response.html.erb
  Rendered C:/RailsInstaller/Ruby2.3.0/lib/ruby/gems/2.3.0/gems/actionpack-5.0.2/lib/action_dispatch/middleware/templates/rescues/_request_and_response.html.erb (2.0ms)
  Rendered C:/RailsInstaller/Ruby2.3.0/lib/ruby/gems/2.3.0/gems/actionpack-5.0.2/lib/action_dispatch/middleware/templates/rescues/routing_error.html.erb within rescues/layout (2659.2ms)
Started GET "/users/show" for ::1 at 2017-05-06 01:44:06 -0500
Processing by UsersController#show as HTML
  Parameters: {"id"=>"show"}
  [1m[36mUser Load (0.5ms)[0m  [1m[34mSELECT  `users`.* FROM `users` WHERE `users`.`id` = 0 LIMIT 1[0m
Completed 404 Not Found in 51ms (ActiveRecord: 1.5ms)


  
ActiveRecord::RecordNotFound (Couldn't find User with 'id'=show):
  
app/controllers/users_controller.rb:67:in `set_user'
  Rendering C:/RailsInstaller/Ruby2.3.0/lib/ruby/gems/2.3.0/gems/actionpack-5.0.2/lib/action_dispatch/middleware/templates/rescues/diagnostics.html.erb within rescues/layout
  Rendering C:/RailsInstaller/Ruby2.3.0/lib/ruby/gems/2.3.0/gems/actionpack-5.0.2/lib/action_dispatch/middleware/templates/rescues/_source.html.erb
  Rendered C:/RailsInstaller/Ruby2.3.0/lib/ruby/gems/2.3.0/gems/actionpack-5.0.2/lib/action_dispatch/middleware/templates/rescues/_source.html.erb (5.5ms)
  Rendering C:/RailsInstaller/Ruby2.3.0/lib/ruby/gems/2.3.0/gems/actionpack-5.0.2/lib/action_dispatch/middleware/templates/rescues/_trace.html.erb
  Rendered C:/RailsInstaller/Ruby2.3.0/lib/ruby/gems/2.3.0/gems/actionpack-5.0.2/lib/action_dispatch/middleware/templates/rescues/_trace.html.erb (4.0ms)
  Rendering C:/RailsInstaller/Ruby2.3.0/lib/ruby/gems/2.3.0/gems/actionpack-5.0.2/lib/action_dispatch/middleware/templates/rescues/_request_and_response.html.erb
  Rendered C:/RailsInstaller/Ruby2.3.0/lib/ruby/gems/2.3.0/gems/actionpack-5.0.2/lib/action_dispatch/middleware/templates/rescues/_request_and_response.html.erb (1.5ms)
  Rendered C:/RailsInstaller/Ruby2.3.0/lib/ruby/gems/2.3.0/gems/actionpack-5.0.2/lib/action_dispatch/middleware/templates/rescues/diagnostics.html.erb within rescues/layout (2458.2ms)
Started GET "/homepage/index" for ::1 at 2017-05-06 01:45:44 -0500
Processing by HomepageController#index as HTML
  Rendering homepage/index.html.erb within layouts/application
  Rendered homepage/index.html.erb within layouts/application (0.5ms)
Completed 200 OK in 117ms (Views: 86.9ms | ActiveRecord: 0.0ms)


Started GET "/homepage/index" for ::1 at 2017-05-06 01:48:08 -0500
Processing by HomepageController#index as HTML
  Rendering homepage/index.html.erb within layouts/application
  Rendered homepage/index.html.erb within layouts/application (0.5ms)
Completed 200 OK in 125ms (Views: 93.1ms | ActiveRecord: 0.0ms)


Started GET "/users" for ::1 at 2017-05-06 01:48:10 -0500
Processing by UsersController#index as HTML
  Rendering users/index.html.erb within layouts/application
  [1m[36mUser Load (1.0ms)[0m  [1m[34mSELECT `users`.* FROM `users`[0m
  Rendered users/index.html.erb within layouts/application (3.5ms)
Completed 200 OK in 124ms (Views: 90.2ms | ActiveRecord: 1.0ms)


Started GET "/users" for ::1 at 2017-05-06 01:48:16 -0500
Processing by UsersController#index as HTML
  Rendering users/index.html.erb within layouts/application
  [1m[36mUser Load (0.5ms)[0m  [1m[34mSELECT `users`.* FROM `users`[0m
  Rendered users/index.html.erb within layouts/application (3.5ms)
Completed 200 OK in 132ms (Views: 96.3ms | ActiveRecord: 0.5ms)


Started GET "/users" for ::1 at 2017-05-06 01:48:27 -0500
Processing by UsersController#index as HTML
  Rendering users/index.html.erb within layouts/application
  [1m[36mUser Load (0.0ms)[0m  [1m[34mSELECT `users`.* FROM `users`[0m
  Rendered users/index.html.erb within layouts/application (2.5ms)
Completed 200 OK in 150ms (Views: 118.8ms | ActiveRecord: 0.0ms)


Started GET "/posts" for ::1 at 2017-05-06 01:48:29 -0500
Processing by PostsController#index as HTML
  Rendering posts/index.html.erb within layouts/application
  [1m[36mPost Load (3.5ms)[0m  [1m[34mSELECT `posts`.* FROM `posts`[0m
  Rendered posts/index.html.erb within layouts/application (11.5ms)
Completed 200 OK in 316ms (Views: 190.4ms | ActiveRecord: 5.0ms)


Started GET "/posts/new" for ::1 at 2017-05-06 01:48:41 -0500
Processing by PostsController#new as HTML
  Rendering posts/new.html.erb within layouts/application
  Rendered posts/_form.html.erb (171.0ms)
  Rendered posts/new.html.erb within layouts/application (248.9ms)
Completed 200 OK in 381ms (Views: 337.9ms | ActiveRecord: 2.5ms)


Started POST "/posts" for ::1 at 2017-05-06 01:49:25 -0500
Processing by PostsController#create as HTML
  Parameters: {"utf8"=>"✓", "authenticity_token"=>"xkFyhG69cHPI0YRsHYgyc6mTS5MV2dytmBknUXsQVujJnkuWOP9PWw7cmBVgycLLkNn2cV+qBL50kyDQfJDbrA==", "post"=>{"title"=>"title", "image"=>"aosdn", "category"=>"dogs", "user_id"=>"1"}, "commit"=>"Create Post"}
  [1m[35m (0.0ms)[0m  [1m[35mBEGIN[0m
  [1m[36mUser Load (1.0ms)[0m  [1m[34mSELECT  `users`.* FROM `users` WHERE `users`.`id` = 1 LIMIT 1[0m
  [1m[35m (0.5ms)[0m  [1m[31mROLLBACK[0m
  Rendering posts/new.html.erb within layouts/application
  Rendered posts/_form.html.erb (9.0ms)
  Rendered posts/new.html.erb within layouts/application (75.5ms)
Completed 200 OK in 420ms (Views: 281.2ms | ActiveRecord: 1.5ms)


Started GET "/users" for ::1 at 2017-05-06 01:49:32 -0500
Processing by UsersController#index as HTML
  Rendering users/index.html.erb within layouts/application
  [1m[36mUser Load (0.5ms)[0m  [1m[34mSELECT `users`.* FROM `users`[0m
  Rendered users/index.html.erb within layouts/application (3.2ms)
Completed 200 OK in 127ms (Views: 94.8ms | ActiveRecord: 0.5ms)


Started GET "/users/new" for ::1 at 2017-05-06 01:49:34 -0500
Processing by UsersController#new as HTML
  Rendering users/new.html.erb within layouts/application
  Rendered users/_form.html.erb (3.0ms)
  Rendered users/new.html.erb within layouts/application (44.0ms)
Completed 200 OK in 177ms (Views: 136.8ms | ActiveRecord: 0.0ms)


Started POST "/users" for ::1 at 2017-05-06 01:49:44 -0500
Processing by UsersController#create as HTML
  Parameters: {"utf8"=>"✓", "authenticity_token"=>"SXsbZFuqeBKWWzar2iR45rB13Kt1xfYFKO7/NcVDJCiHggoMh4Ef+JDf96C9w7QDanzJwsW/nIMtKE6s8IyvnQ==", "user"=>{"password"=>"[FILTERED]", "username"=>"root"}, "commit"=>"Create User"}
  [1m[35m (0.0ms)[0m  [1m[35mBEGIN[0m
  [1m[35m (0.0ms)[0m  [1m[31mROLLBACK[0m
  Rendering users/new.html.erb within layouts/application
  Rendered users/_form.html.erb (2.5ms)
  Rendered users/new.html.erb within layouts/application (32.5ms)
Completed 200 OK in 130ms (Views: 124.6ms | ActiveRecord: 0.0ms)


Started POST "/users" for ::1 at 2017-05-06 01:49:53 -0500
Processing by UsersController#create as HTML
  Parameters: {"utf8"=>"✓", "authenticity_token"=>"UnuENxkNOLe2WDuGirLMPlL3tYbH5uPB0PNgBCu37zScgpVfxSZfXbDc+o3tVQDbiP6g73eciUfVNdGdHnhkgQ==", "user"=>{"password"=>"[FILTERED]", "username"=>"root"}, "commit"=>"Create User"}
  [1m[35m (0.5ms)[0m  [1m[35mBEGIN[0m
  [1m[35mSQL (10.8ms)[0m  [1m[32mINSERT INTO `users` (`password`, `username`, `created_at`, `updated_at`) VALUES ('rootroot', 'root', '2017-05-06 06:49:53', '2017-05-06 06:49:53')[0m
  [1m[35m (54.6ms)[0m  [1m[35mCOMMIT[0m
Redirected to http://localhost:3000/users/1
Completed 302 Found in 92ms (ActiveRecord: 65.8ms)


Started GET "/users/1" for ::1 at 2017-05-06 01:49:53 -0500
Processing by UsersController#show as HTML
  Parameters: {"id"=>"1"}
  [1m[36mUser Load (0.5ms)[0m  [1m[34mSELECT  `users`.* FROM `users` WHERE `users`.`id` = 1 LIMIT 1[0m
  Rendering users/show.html.erb within layouts/application
  Rendered users/show.html.erb within layouts/application (1.5ms)
Completed 200 OK in 263ms (Views: 184.5ms | ActiveRecord: 0.5ms)


Started GET "/posts" for ::1 at 2017-05-06 01:49:56 -0500
Processing by PostsController#index as HTML
  Rendering posts/index.html.erb within layouts/application
  [1m[36mPost Load (0.5ms)[0m  [1m[34mSELECT `posts`.* FROM `posts`[0m
  Rendered posts/index.html.erb within layouts/application (2.5ms)
Completed 200 OK in 121ms (Views: 89.3ms | ActiveRecord: 0.5ms)


Started GET "/posts/new" for ::1 at 2017-05-06 01:49:58 -0500
Processing by PostsController#new as HTML
  Rendering posts/new.html.erb within layouts/application
  Rendered posts/_form.html.erb (3.5ms)
  Rendered posts/new.html.erb within layouts/application (33.0ms)
Completed 200 OK in 161ms (Views: 129.9ms | ActiveRecord: 0.0ms)


Started POST "/posts" for ::1 at 2017-05-06 01:50:17 -0500
Processing by PostsController#create as HTML
  Parameters: {"utf8"=>"✓", "authenticity_token"=>"980sjzVhDW+Up2ypUmF8XBzqs0rbzL5G/d7SIPAz9XD4EhWdYyMyR1KqcNAvIIzkJaAOqJG/ZlURVNWh97N4NA==", "post"=>{"title"=>"title", "image"=>"its a dog", "category"=>"dogs", "user_id"=>"1"}, "commit"=>"Create Post"}
  [1m[35m (0.0ms)[0m  [1m[35mBEGIN[0m
  [1m[36mUser Load (0.5ms)[0m  [1m[34mSELECT  `users`.* FROM `users` WHERE `users`.`id` = 1 LIMIT 1[0m
  [1m[35mSQL (16.4ms)[0m  [1m[32mINSERT INTO `posts` (`title`, `image`, `category`, `user_id`, `created_at`, `updated_at`) VALUES ('title', 'its a dog', 'dogs', 1, '2017-05-06 06:50:17', '2017-05-06 06:50:17')[0m
  [1m[35m (37.7ms)[0m  [1m[35mCOMMIT[0m
Redirected to http://localhost:3000/posts/1
Completed 302 Found in 67ms (ActiveRecord: 54.6ms)


Started GET "/posts/1" for ::1 at 2017-05-06 01:50:17 -0500
Processing by PostsController#show as HTML
  Parameters: {"id"=>"1"}
  [1m[36mPost Load (0.5ms)[0m  [1m[34mSELECT  `posts`.* FROM `posts` WHERE `posts`.`id` = 1 LIMIT 1[0m
  Rendering posts/show.html.erb within layouts/application
  [1m[36mComment Load (15.8ms)[0m  [1m[34mSELECT `comments`.* FROM `comments` WHERE `comments`.`post_id` = 1[0m
  Rendered posts/show.html.erb within layouts/application (182.0ms)
Completed 200 OK in 473ms (Views: 347.1ms | ActiveRecord: 21.3ms)


Started POST "/posts/1/comments" for ::1 at 2017-05-06 01:50:38 -0500
Processing by CommentsController#create as HTML
  Parameters: {"utf8"=>"✓", "authenticity_token"=>"4EoTuZ0JAskfx91K9tKDIxgcwKl2STo9aUA4PyfGziT1tjibN98cErfwfjhgzBgkPTNmfEP1iOTR4inGtwZOzQ==", "comment"=>{"commenter"=>"1", "body"=>"i made a comment"}, "commit"=>"Create Comment", "post_id"=>"1"}
  [1m[36mPost Load (0.5ms)[0m  [1m[34mSELECT  `posts`.* FROM `posts` WHERE `posts`.`id` = 1 LIMIT 1[0m
  [1m[35m (0.5ms)[0m  [1m[35mBEGIN[0m
  [1m[35mSQL (18.9ms)[0m  [1m[32mINSERT INTO `comments` (`commenter`, `body`, `post_id`, `created_at`, `updated_at`) VALUES ('1', 'i made a comment', 1, '2017-05-06 06:50:38', '2017-05-06 06:50:38')[0m
  [1m[35m (35.0ms)[0m  [1m[35mCOMMIT[0m
Redirected to http://localhost:3000/posts/1
Completed 302 Found in 70ms (ActiveRecord: 55.0ms)


Started GET "/posts/1" for ::1 at 2017-05-06 01:50:38 -0500
Processing by PostsController#show as HTML
  Parameters: {"id"=>"1"}
  [1m[36mPost Load (1.0ms)[0m  [1m[34mSELECT  `posts`.* FROM `posts` WHERE `posts`.`id` = 1 LIMIT 1[0m
  Rendering posts/show.html.erb within layouts/application
  [1m[36mComment Load (1.0ms)[0m  [1m[34mSELECT `comments`.* FROM `comments` WHERE `comments`.`post_id` = 1[0m
  Rendered posts/show.html.erb within layouts/application (16.5ms)
Completed 200 OK in 266ms (Views: 196.4ms | ActiveRecord: 2.0ms)


Started GET "/posts/1" for ::1 at 2017-05-06 01:53:15 -0500
Processing by PostsController#show as HTML
  Parameters: {"id"=>"1"}
  [1m[36mPost Load (0.5ms)[0m  [1m[34mSELECT  `posts`.* FROM `posts` WHERE `posts`.`id` = 1 LIMIT 1[0m
  Rendering posts/show.html.erb within layouts/application
  [1m[36mComment Load (0.5ms)[0m  [1m[34mSELECT `comments`.* FROM `comments` WHERE `comments`.`post_id` = 1[0m
  Rendered posts/show.html.erb within layouts/application (7.4ms)
Completed 200 OK in 137ms (Views: 103.9ms | ActiveRecord: 1.0ms)


Started GET "/stylesheets/default.css" for ::1 at 2017-05-06 01:53:15 -0500
  
ActionController::RoutingError (No route matches [GET] "/stylesheets/default.css"):
  
actionpack (5.0.2) lib/action_dispatch/middleware/debug_exceptions.rb:53:in `call'
web-console (3.5.0) lib/web_console/middleware.rb:135:in `call_app'
web-console (3.5.0) lib/web_console/middleware.rb:28:in `block in call'
web-console (3.5.0) lib/web_console/middleware.rb:18:in `catch'
web-console (3.5.0) lib/web_console/middleware.rb:18:in `call'
actionpack (5.0.2) lib/action_dispatch/middleware/show_exceptions.rb:31:in `call'
railties (5.0.2) lib/rails/rack/logger.rb:36:in `call_app'
railties (5.0.2) lib/rails/rack/logger.rb:24:in `block in call'
activesupport (5.0.2) lib/active_support/tagged_logging.rb:69:in `block in tagged'
activesupport (5.0.2) lib/active_support/tagged_logging.rb:26:in `tagged'
activesupport (5.0.2) lib/active_support/tagged_logging.rb:69:in `tagged'
railties (5.0.2) lib/rails/rack/logger.rb:24:in `call'
sprockets-rails (3.2.0) lib/sprockets/rails/quiet_assets.rb:13:in `call'
actionpack (5.0.2) lib/action_dispatch/middleware/request_id.rb:24:in `call'
rack (2.0.1) lib/rack/method_override.rb:22:in `call'
rack (2.0.1) lib/rack/runtime.rb:22:in `call'
activesupport (5.0.2) lib/active_support/cache/strategy/local_cache_middleware.rb:28:in `call'
actionpack (5.0.2) lib/action_dispatch/middleware/executor.rb:12:in `call'
actionpack (5.0.2) lib/action_dispatch/middleware/static.rb:136:in `call'
rack (2.0.1) lib/rack/sendfile.rb:111:in `call'
railties (5.0.2) lib/rails/engine.rb:522:in `call'
puma (3.8.2) lib/puma/configuration.rb:224:in `call'
puma (3.8.2) lib/puma/server.rb:600:in `handle_request'
puma (3.8.2) lib/puma/server.rb:435:in `process_client'
puma (3.8.2) lib/puma/server.rb:299:in `block in run'
puma (3.8.2) lib/puma/thread_pool.rb:120:in `block in spawn_thread'
  Rendering C:/RailsInstaller/Ruby2.3.0/lib/ruby/gems/2.3.0/gems/actionpack-5.0.2/lib/action_dispatch/middleware/templates/rescues/routing_error.html.erb within rescues/layout
  Rendering C:/RailsInstaller/Ruby2.3.0/lib/ruby/gems/2.3.0/gems/actionpack-5.0.2/lib/action_dispatch/middleware/templates/rescues/_trace.html.erb
  Rendered C:/RailsInstaller/Ruby2.3.0/lib/ruby/gems/2.3.0/gems/actionpack-5.0.2/lib/action_dispatch/middleware/templates/rescues/_trace.html.erb (2.0ms)
  Rendered collection of C:/RailsInstaller/Ruby2.3.0/lib/ruby/gems/2.3.0/gems/actionpack-5.0.2/lib/action_dispatch/middleware/templates/routes/_route.html.erb [26 times] (9.0ms)
  Rendered C:/RailsInstaller/Ruby2.3.0/lib/ruby/gems/2.3.0/gems/actionpack-5.0.2/lib/action_dispatch/middleware/templates/routes/_table.html.erb (2.0ms)
  Rendering C:/RailsInstaller/Ruby2.3.0/lib/ruby/gems/2.3.0/gems/actionpack-5.0.2/lib/action_dispatch/middleware/templates/rescues/_request_and_response.html.erb
  Rendered C:/RailsInstaller/Ruby2.3.0/lib/ruby/gems/2.3.0/gems/actionpack-5.0.2/lib/action_dispatch/middleware/templates/rescues/_request_and_response.html.erb (2.5ms)
  Rendered C:/RailsInstaller/Ruby2.3.0/lib/ruby/gems/2.3.0/gems/actionpack-5.0.2/lib/action_dispatch/middleware/templates/rescues/routing_error.html.erb within rescues/layout (2470.4ms)
Started GET "/stylesheets/default.css" for ::1 at 2017-05-06 01:53:28 -0500
  
ActionController::RoutingError (No route matches [GET] "/stylesheets/default.css"):
  
actionpack (5.0.2) lib/action_dispatch/middleware/debug_exceptions.rb:53:in `call'
web-console (3.5.0) lib/web_console/middleware.rb:135:in `call_app'
web-console (3.5.0) lib/web_console/middleware.rb:28:in `block in call'
web-console (3.5.0) lib/web_console/middleware.rb:18:in `catch'
web-console (3.5.0) lib/web_console/middleware.rb:18:in `call'
actionpack (5.0.2) lib/action_dispatch/middleware/show_exceptions.rb:31:in `call'
railties (5.0.2) lib/rails/rack/logger.rb:36:in `call_app'
railties (5.0.2) lib/rails/rack/logger.rb:24:in `block in call'
activesupport (5.0.2) lib/active_support/tagged_logging.rb:69:in `block in tagged'
activesupport (5.0.2) lib/active_support/tagged_logging.rb:26:in `tagged'
activesupport (5.0.2) lib/active_support/tagged_logging.rb:69:in `tagged'
railties (5.0.2) lib/rails/rack/logger.rb:24:in `call'
sprockets-rails (3.2.0) lib/sprockets/rails/quiet_assets.rb:13:in `call'
actionpack (5.0.2) lib/action_dispatch/middleware/request_id.rb:24:in `call'
rack (2.0.1) lib/rack/method_override.rb:22:in `call'
rack (2.0.1) lib/rack/runtime.rb:22:in `call'
activesupport (5.0.2) lib/active_support/cache/strategy/local_cache_middleware.rb:28:in `call'
actionpack (5.0.2) lib/action_dispatch/middleware/executor.rb:12:in `call'
actionpack (5.0.2) lib/action_dispatch/middleware/static.rb:136:in `call'
rack (2.0.1) lib/rack/sendfile.rb:111:in `call'
railties (5.0.2) lib/rails/engine.rb:522:in `call'
puma (3.8.2) lib/puma/configuration.rb:224:in `call'
puma (3.8.2) lib/puma/server.rb:600:in `handle_request'
puma (3.8.2) lib/puma/server.rb:435:in `process_client'
puma (3.8.2) lib/puma/server.rb:299:in `block in run'
puma (3.8.2) lib/puma/thread_pool.rb:120:in `block in spawn_thread'
  Rendering C:/RailsInstaller/Ruby2.3.0/lib/ruby/gems/2.3.0/gems/actionpack-5.0.2/lib/action_dispatch/middleware/templates/rescues/routing_error.html.erb within rescues/layout
  Rendering C:/RailsInstaller/Ruby2.3.0/lib/ruby/gems/2.3.0/gems/actionpack-5.0.2/lib/action_dispatch/middleware/templates/rescues/_trace.html.erb
  Rendered C:/RailsInstaller/Ruby2.3.0/lib/ruby/gems/2.3.0/gems/actionpack-5.0.2/lib/action_dispatch/middleware/templates/rescues/_trace.html.erb (3.0ms)
  Rendered collection of C:/RailsInstaller/Ruby2.3.0/lib/ruby/gems/2.3.0/gems/actionpack-5.0.2/lib/action_dispatch/middleware/templates/routes/_route.html.erb [26 times] (16.0ms)
  Rendered C:/RailsInstaller/Ruby2.3.0/lib/ruby/gems/2.3.0/gems/actionpack-5.0.2/lib/action_dispatch/middleware/templates/routes/_table.html.erb (3.0ms)
  Rendering C:/RailsInstaller/Ruby2.3.0/lib/ruby/gems/2.3.0/gems/actionpack-5.0.2/lib/action_dispatch/middleware/templates/rescues/_request_and_response.html.erb
  Rendered C:/RailsInstaller/Ruby2.3.0/lib/ruby/gems/2.3.0/gems/actionpack-5.0.2/lib/action_dispatch/middleware/templates/rescues/_request_and_response.html.erb (3.0ms)
  Rendered C:/RailsInstaller/Ruby2.3.0/lib/ruby/gems/2.3.0/gems/actionpack-5.0.2/lib/action_dispatch/middleware/templates/rescues/routing_error.html.erb within rescues/layout (3743.6ms)
Started GET "/homepage/index" for ::1 at 2017-05-06 01:53:38 -0500
Processing by HomepageController#index as HTML
  Rendering homepage/index.html.erb within layouts/application
  Rendered homepage/index.html.erb within layouts/application (0.5ms)
Completed 200 OK in 584ms (Views: 140.9ms | ActiveRecord: 0.0ms)


Started GET "/stylesheets/default.css" for ::1 at 2017-05-06 01:53:39 -0500
  
ActionController::RoutingError (No route matches [GET] "/stylesheets/default.css"):
  
actionpack (5.0.2) lib/action_dispatch/middleware/debug_exceptions.rb:53:in `call'
web-console (3.5.0) lib/web_console/middleware.rb:135:in `call_app'
web-console (3.5.0) lib/web_console/middleware.rb:28:in `block in call'
web-console (3.5.0) lib/web_console/middleware.rb:18:in `catch'
web-console (3.5.0) lib/web_console/middleware.rb:18:in `call'
actionpack (5.0.2) lib/action_dispatch/middleware/show_exceptions.rb:31:in `call'
railties (5.0.2) lib/rails/rack/logger.rb:36:in `call_app'
railties (5.0.2) lib/rails/rack/logger.rb:24:in `block in call'
activesupport (5.0.2) lib/active_support/tagged_logging.rb:69:in `block in tagged'
activesupport (5.0.2) lib/active_support/tagged_logging.rb:26:in `tagged'
activesupport (5.0.2) lib/active_support/tagged_logging.rb:69:in `tagged'
railties (5.0.2) lib/rails/rack/logger.rb:24:in `call'
sprockets-rails (3.2.0) lib/sprockets/rails/quiet_assets.rb:13:in `call'
actionpack (5.0.2) lib/action_dispatch/middleware/request_id.rb:24:in `call'
rack (2.0.1) lib/rack/method_override.rb:22:in `call'
rack (2.0.1) lib/rack/runtime.rb:22:in `call'
activesupport (5.0.2) lib/active_support/cache/strategy/local_cache_middleware.rb:28:in `call'
actionpack (5.0.2) lib/action_dispatch/middleware/executor.rb:12:in `call'
actionpack (5.0.2) lib/action_dispatch/middleware/static.rb:136:in `call'
rack (2.0.1) lib/rack/sendfile.rb:111:in `call'
railties (5.0.2) lib/rails/engine.rb:522:in `call'
puma (3.8.2) lib/puma/configuration.rb:224:in `call'
puma (3.8.2) lib/puma/server.rb:600:in `handle_request'
puma (3.8.2) lib/puma/server.rb:435:in `process_client'
puma (3.8.2) lib/puma/server.rb:299:in `block in run'
puma (3.8.2) lib/puma/thread_pool.rb:120:in `block in spawn_thread'
  Rendering C:/RailsInstaller/Ruby2.3.0/lib/ruby/gems/2.3.0/gems/actionpack-5.0.2/lib/action_dispatch/middleware/templates/rescues/routing_error.html.erb within rescues/layout
  Rendering C:/RailsInstaller/Ruby2.3.0/lib/ruby/gems/2.3.0/gems/actionpack-5.0.2/lib/action_dispatch/middleware/templates/rescues/_trace.html.erb
  Rendered C:/RailsInstaller/Ruby2.3.0/lib/ruby/gems/2.3.0/gems/actionpack-5.0.2/lib/action_dispatch/middleware/templates/rescues/_trace.html.erb (1.5ms)
  Rendered collection of C:/RailsInstaller/Ruby2.3.0/lib/ruby/gems/2.3.0/gems/actionpack-5.0.2/lib/action_dispatch/middleware/templates/routes/_route.html.erb [26 times] (10.5ms)
  Rendered C:/RailsInstaller/Ruby2.3.0/lib/ruby/gems/2.3.0/gems/actionpack-5.0.2/lib/action_dispatch/middleware/templates/routes/_table.html.erb (3.0ms)
  Rendering C:/RailsInstaller/Ruby2.3.0/lib/ruby/gems/2.3.0/gems/actionpack-5.0.2/lib/action_dispatch/middleware/templates/rescues/_request_and_response.html.erb
  Rendered C:/RailsInstaller/Ruby2.3.0/lib/ruby/gems/2.3.0/gems/actionpack-5.0.2/lib/action_dispatch/middleware/templates/rescues/_request_and_response.html.erb (1.5ms)
  Rendered C:/RailsInstaller/Ruby2.3.0/lib/ruby/gems/2.3.0/gems/actionpack-5.0.2/lib/action_dispatch/middleware/templates/rescues/routing_error.html.erb within rescues/layout (2636.1ms)
Started GET "/homepage/index" for ::1 at 2017-05-06 02:08:52 -0500
Processing by HomepageController#index as HTML
  Rendering homepage/index.html.erb within layouts/application
  Rendered homepage/index.html.erb within layouts/application (0.5ms)
Completed 200 OK in 141ms (Views: 104.7ms | ActiveRecord: 0.0ms)


Started GET "/stylesheets/default.css" for ::1 at 2017-05-06 02:08:52 -0500
  
ActionController::RoutingError (No route matches [GET] "/stylesheets/default.css"):
  
actionpack (5.0.2) lib/action_dispatch/middleware/debug_exceptions.rb:53:in `call'
web-console (3.5.0) lib/web_console/middleware.rb:135:in `call_app'
web-console (3.5.0) lib/web_console/middleware.rb:28:in `block in call'
web-console (3.5.0) lib/web_console/middleware.rb:18:in `catch'
web-console (3.5.0) lib/web_console/middleware.rb:18:in `call'
actionpack (5.0.2) lib/action_dispatch/middleware/show_exceptions.rb:31:in `call'
railties (5.0.2) lib/rails/rack/logger.rb:36:in `call_app'
railties (5.0.2) lib/rails/rack/logger.rb:24:in `block in call'
activesupport (5.0.2) lib/active_support/tagged_logging.rb:69:in `block in tagged'
activesupport (5.0.2) lib/active_support/tagged_logging.rb:26:in `tagged'
activesupport (5.0.2) lib/active_support/tagged_logging.rb:69:in `tagged'
railties (5.0.2) lib/rails/rack/logger.rb:24:in `call'
sprockets-rails (3.2.0) lib/sprockets/rails/quiet_assets.rb:13:in `call'
actionpack (5.0.2) lib/action_dispatch/middleware/request_id.rb:24:in `call'
rack (2.0.1) lib/rack/method_override.rb:22:in `call'
rack (2.0.1) lib/rack/runtime.rb:22:in `call'
activesupport (5.0.2) lib/active_support/cache/strategy/local_cache_middleware.rb:28:in `call'
actionpack (5.0.2) lib/action_dispatch/middleware/executor.rb:12:in `call'
actionpack (5.0.2) lib/action_dispatch/middleware/static.rb:136:in `call'
rack (2.0.1) lib/rack/sendfile.rb:111:in `call'
railties (5.0.2) lib/rails/engine.rb:522:in `call'
puma (3.8.2) lib/puma/configuration.rb:224:in `call'
puma (3.8.2) lib/puma/server.rb:600:in `handle_request'
puma (3.8.2) lib/puma/server.rb:435:in `process_client'
puma (3.8.2) lib/puma/server.rb:299:in `block in run'
puma (3.8.2) lib/puma/thread_pool.rb:120:in `block in spawn_thread'
  Rendering C:/RailsInstaller/Ruby2.3.0/lib/ruby/gems/2.3.0/gems/actionpack-5.0.2/lib/action_dispatch/middleware/templates/rescues/routing_error.html.erb within rescues/layout
  Rendering C:/RailsInstaller/Ruby2.3.0/lib/ruby/gems/2.3.0/gems/actionpack-5.0.2/lib/action_dispatch/middleware/templates/rescues/_trace.html.erb
  Rendered C:/RailsInstaller/Ruby2.3.0/lib/ruby/gems/2.3.0/gems/actionpack-5.0.2/lib/action_dispatch/middleware/templates/rescues/_trace.html.erb (1.5ms)
  Rendered collection of C:/RailsInstaller/Ruby2.3.0/lib/ruby/gems/2.3.0/gems/actionpack-5.0.2/lib/action_dispatch/middleware/templates/routes/_route.html.erb [26 times] (9.0ms)
  Rendered C:/RailsInstaller/Ruby2.3.0/lib/ruby/gems/2.3.0/gems/actionpack-5.0.2/lib/action_dispatch/middleware/templates/routes/_table.html.erb (1.5ms)
  Rendering C:/RailsInstaller/Ruby2.3.0/lib/ruby/gems/2.3.0/gems/actionpack-5.0.2/lib/action_dispatch/middleware/templates/rescues/_request_and_response.html.erb
  Rendered C:/RailsInstaller/Ruby2.3.0/lib/ruby/gems/2.3.0/gems/actionpack-5.0.2/lib/action_dispatch/middleware/templates/rescues/_request_and_response.html.erb (3.0ms)
  Rendered C:/RailsInstaller/Ruby2.3.0/lib/ruby/gems/2.3.0/gems/actionpack-5.0.2/lib/action_dispatch/middleware/templates/rescues/routing_error.html.erb within rescues/layout (2064.5ms)
Started GET "/homepage/index" for ::1 at 2017-05-06 02:09:36 -0500
Processing by HomepageController#index as HTML
  Rendering homepage/index.html.erb within layouts/application
  Rendered homepage/index.html.erb within layouts/application (0.5ms)
Completed 200 OK in 6818ms (Views: 6787.1ms | ActiveRecord: 0.0ms)


  
ActionController::RoutingError (No route matches [GET] "/assets/bootstrap.css.map"):
  
actionpack (5.0.2) lib/action_dispatch/middleware/debug_exceptions.rb:53:in `call'
web-console (3.5.0) lib/web_console/middleware.rb:135:in `call_app'
web-console (3.5.0) lib/web_console/middleware.rb:28:in `block in call'
web-console (3.5.0) lib/web_console/middleware.rb:18:in `catch'
web-console (3.5.0) lib/web_console/middleware.rb:18:in `call'
actionpack (5.0.2) lib/action_dispatch/middleware/show_exceptions.rb:31:in `call'
railties (5.0.2) lib/rails/rack/logger.rb:36:in `call_app'
railties (5.0.2) lib/rails/rack/logger.rb:24:in `block in call'
activesupport (5.0.2) lib/active_support/tagged_logging.rb:69:in `block in tagged'
activesupport (5.0.2) lib/active_support/tagged_logging.rb:26:in `tagged'
activesupport (5.0.2) lib/active_support/tagged_logging.rb:69:in `tagged'
railties (5.0.2) lib/rails/rack/logger.rb:24:in `call'
sprockets-rails (3.2.0) lib/sprockets/rails/quiet_assets.rb:11:in `block in call'
activesupport (5.0.2) lib/active_support/logger_silence.rb:20:in `silence'
activesupport (5.0.2) lib/active_support/logger.rb:63:in `block (3 levels) in broadcast'
activesupport (5.0.2) lib/active_support/logger_silence.rb:20:in `silence'
activesupport (5.0.2) lib/active_support/logger.rb:61:in `block (2 levels) in broadcast'
sprockets-rails (3.2.0) lib/sprockets/rails/quiet_assets.rb:11:in `call'
actionpack (5.0.2) lib/action_dispatch/middleware/request_id.rb:24:in `call'
rack (2.0.1) lib/rack/method_override.rb:22:in `call'
rack (2.0.1) lib/rack/runtime.rb:22:in `call'
activesupport (5.0.2) lib/active_support/cache/strategy/local_cache_middleware.rb:28:in `call'
actionpack (5.0.2) lib/action_dispatch/middleware/executor.rb:12:in `call'
actionpack (5.0.2) lib/action_dispatch/middleware/static.rb:136:in `call'
rack (2.0.1) lib/rack/sendfile.rb:111:in `call'
railties (5.0.2) lib/rails/engine.rb:522:in `call'
puma (3.8.2) lib/puma/configuration.rb:224:in `call'
puma (3.8.2) lib/puma/server.rb:600:in `handle_request'
puma (3.8.2) lib/puma/server.rb:435:in `process_client'
puma (3.8.2) lib/puma/server.rb:299:in `block in run'
puma (3.8.2) lib/puma/thread_pool.rb:120:in `block in spawn_thread'
  
ActionController::RoutingError (No route matches [GET] "/assets/bootstrap.css.map"):
  
actionpack (5.0.2) lib/action_dispatch/middleware/debug_exceptions.rb:53:in `call'
web-console (3.5.0) lib/web_console/middleware.rb:135:in `call_app'
web-console (3.5.0) lib/web_console/middleware.rb:28:in `block in call'
web-console (3.5.0) lib/web_console/middleware.rb:18:in `catch'
web-console (3.5.0) lib/web_console/middleware.rb:18:in `call'
actionpack (5.0.2) lib/action_dispatch/middleware/show_exceptions.rb:31:in `call'
railties (5.0.2) lib/rails/rack/logger.rb:36:in `call_app'
railties (5.0.2) lib/rails/rack/logger.rb:24:in `block in call'
activesupport (5.0.2) lib/active_support/tagged_logging.rb:69:in `block in tagged'
activesupport (5.0.2) lib/active_support/tagged_logging.rb:26:in `tagged'
activesupport (5.0.2) lib/active_support/tagged_logging.rb:69:in `tagged'
railties (5.0.2) lib/rails/rack/logger.rb:24:in `call'
sprockets-rails (3.2.0) lib/sprockets/rails/quiet_assets.rb:11:in `block in call'
activesupport (5.0.2) lib/active_support/logger_silence.rb:20:in `silence'
activesupport (5.0.2) lib/active_support/logger.rb:63:in `block (3 levels) in broadcast'
activesupport (5.0.2) lib/active_support/logger_silence.rb:20:in `silence'
activesupport (5.0.2) lib/active_support/logger.rb:61:in `block (2 levels) in broadcast'
sprockets-rails (3.2.0) lib/sprockets/rails/quiet_assets.rb:11:in `call'
actionpack (5.0.2) lib/action_dispatch/middleware/request_id.rb:24:in `call'
rack (2.0.1) lib/rack/method_override.rb:22:in `call'
rack (2.0.1) lib/rack/runtime.rb:22:in `call'
activesupport (5.0.2) lib/active_support/cache/strategy/local_cache_middleware.rb:28:in `call'
actionpack (5.0.2) lib/action_dispatch/middleware/executor.rb:12:in `call'
actionpack (5.0.2) lib/action_dispatch/middleware/static.rb:136:in `call'
rack (2.0.1) lib/rack/sendfile.rb:111:in `call'
railties (5.0.2) lib/rails/engine.rb:522:in `call'
puma (3.8.2) lib/puma/configuration.rb:224:in `call'
puma (3.8.2) lib/puma/server.rb:600:in `handle_request'
puma (3.8.2) lib/puma/server.rb:435:in `process_client'
puma (3.8.2) lib/puma/server.rb:299:in `block in run'
puma (3.8.2) lib/puma/thread_pool.rb:120:in `block in spawn_thread'
Started GET "/homepage/index" for ::1 at 2017-05-06 02:10:32 -0500
Processing by HomepageController#index as HTML
  Rendering homepage/index.html.erb within layouts/application
  Rendered homepage/index.html.erb within layouts/application (0.0ms)
Completed 200 OK in 173ms (Views: 143.1ms | ActiveRecord: 0.0ms)


  
ActionController::RoutingError (No route matches [GET] "/assets/bootstrap.css.map"):
  
actionpack (5.0.2) lib/action_dispatch/middleware/debug_exceptions.rb:53:in `call'
web-console (3.5.0) lib/web_console/middleware.rb:135:in `call_app'
web-console (3.5.0) lib/web_console/middleware.rb:28:in `block in call'
web-console (3.5.0) lib/web_console/middleware.rb:18:in `catch'
web-console (3.5.0) lib/web_console/middleware.rb:18:in `call'
actionpack (5.0.2) lib/action_dispatch/middleware/show_exceptions.rb:31:in `call'
railties (5.0.2) lib/rails/rack/logger.rb:36:in `call_app'
railties (5.0.2) lib/rails/rack/logger.rb:24:in `block in call'
activesupport (5.0.2) lib/active_support/tagged_logging.rb:69:in `block in tagged'
activesupport (5.0.2) lib/active_support/tagged_logging.rb:26:in `tagged'
activesupport (5.0.2) lib/active_support/tagged_logging.rb:69:in `tagged'
railties (5.0.2) lib/rails/rack/logger.rb:24:in `call'
sprockets-rails (3.2.0) lib/sprockets/rails/quiet_assets.rb:11:in `block in call'
activesupport (5.0.2) lib/active_support/logger_silence.rb:20:in `silence'
activesupport (5.0.2) lib/active_support/logger.rb:63:in `block (3 levels) in broadcast'
activesupport (5.0.2) lib/active_support/logger_silence.rb:20:in `silence'
activesupport (5.0.2) lib/active_support/logger.rb:61:in `block (2 levels) in broadcast'
sprockets-rails (3.2.0) lib/sprockets/rails/quiet_assets.rb:11:in `call'
actionpack (5.0.2) lib/action_dispatch/middleware/request_id.rb:24:in `call'
rack (2.0.1) lib/rack/method_override.rb:22:in `call'
rack (2.0.1) lib/rack/runtime.rb:22:in `call'
activesupport (5.0.2) lib/active_support/cache/strategy/local_cache_middleware.rb:28:in `call'
actionpack (5.0.2) lib/action_dispatch/middleware/executor.rb:12:in `call'
actionpack (5.0.2) lib/action_dispatch/middleware/static.rb:136:in `call'
rack (2.0.1) lib/rack/sendfile.rb:111:in `call'
railties (5.0.2) lib/rails/engine.rb:522:in `call'
puma (3.8.2) lib/puma/configuration.rb:224:in `call'
puma (3.8.2) lib/puma/server.rb:600:in `handle_request'
puma (3.8.2) lib/puma/server.rb:435:in `process_client'
puma (3.8.2) lib/puma/server.rb:299:in `block in run'
puma (3.8.2) lib/puma/thread_pool.rb:120:in `block in spawn_thread'
